2025-05-01 16:46:16.159 [info] Extension host with pid 3928 started
2025-05-01 16:46:16.159 [info] Skipping acquiring lock for /home/zokz/.config/Code - OSS/User/workspaceStorage/9690be6b8ea95244f988613ae599c10b.
2025-05-01 16:46:16.555 [info] ExtensionService#_doActivateExtension vscode.emmet, startup: false, activationEvent: 'onLanguage'
2025-05-01 16:46:16.643 [info] ExtensionService#_doActivateExtension llvm-vs-code-extensions.vscode-clangd, startup: false, activationEvent: 'onLanguage:cpp'
2025-05-01 16:46:17.676 [info] ExtensionService#_doActivateExtension vscode.git-base, startup: true, activationEvent: '*', root cause: vscode.git
2025-05-01 16:46:17.964 [info] ExtensionService#_doActivateExtension vscode.git, startup: true, activationEvent: '*'
2025-05-01 16:46:18.122 [info] ExtensionService#_doActivateExtension vscode.github, startup: true, activationEvent: '*'
2025-05-01 16:46:18.477 [info] Eager extensions activated
2025-05-01 16:46:18.642 [info] ExtensionService#_doActivateExtension vscode.debug-auto-launch, startup: false, activationEvent: 'onStartupFinished'
2025-05-01 16:46:18.651 [info] ExtensionService#_doActivateExtension vscode.merge-conflict, startup: false, activationEvent: 'onStartupFinished'
2025-05-01 16:46:19.520 [info] ExtensionService#_doActivateExtension vscode.configuration-editing, startup: false, activationEvent: 'onLanguage:jsonc'
2025-05-01 16:46:19.556 [info] ExtensionService#_doActivateExtension vscode.json-language-features, startup: false, activationEvent: 'onLanguage:jsonc'
2025-05-01 16:46:19.833 [info] ExtensionService#_doActivateExtension vscode.typescript-language-features, startup: false, activationEvent: 'onLanguage:jsonc'
2025-05-01 16:46:20.265 [error] [llvm-vs-code-extensions.vscode-clangd] provider FAILED
2025-05-01 16:46:20.265 [error] {"a":true,"b":null}
2025-05-01 16:46:20.402 [error] [llvm-vs-code-extensions.vscode-clangd] provider FAILED
2025-05-01 16:46:20.402 [error] {"a":true,"b":null}
2025-05-01 16:46:20.408 [error] [llvm-vs-code-extensions.vscode-clangd] provider FAILED
2025-05-01 16:46:20.408 [error] {"a":true,"b":null}
2025-05-01 16:46:22.307 [warning] [Decorations] CAPPING events from decorations provider vscode.git 10007
2025-05-01 16:46:24.811 [error] [llvm-vs-code-extensions.vscode-clangd] provider FAILED
2025-05-01 16:46:24.811 [error] {"a":true,"b":null}
2025-05-01 16:46:27.276 [warning] [Decorations] CAPPING events from decorations provider vscode.git 10007
2025-05-01 16:47:26.028 [error] [llvm-vs-code-extensions.vscode-clangd] provider FAILED
2025-05-01 16:47:26.028 [error] {"a":true,"b":null}
2025-05-01 16:48:53.827 [error] [llvm-vs-code-extensions.vscode-clangd] provider FAILED
2025-05-01 16:48:53.827 [error] {"a":true,"b":null}
2025-05-01 16:48:53.962 [error] [llvm-vs-code-extensions.vscode-clangd] provider FAILED
2025-05-01 16:48:53.962 [error] {"a":true,"b":null}
2025-05-01 16:48:54.091 [error] [llvm-vs-code-extensions.vscode-clangd] provider FAILED
2025-05-01 16:48:54.091 [error] {"a":true,"b":null}
2025-05-01 16:48:54.215 [error] [llvm-vs-code-extensions.vscode-clangd] provider FAILED
2025-05-01 16:48:54.215 [error] {"a":true,"b":null}
2025-05-01 16:48:54.551 [error] [llvm-vs-code-extensions.vscode-clangd] provider FAILED
2025-05-01 16:48:54.551 [error] {"a":true,"b":null}
2025-05-01 16:48:54.815 [error] [llvm-vs-code-extensions.vscode-clangd] provider FAILED
2025-05-01 16:48:54.815 [error] {"a":true,"b":null}
2025-05-01 16:49:25.510 [info] ExtensionService#_doActivateExtension vscode.npm, startup: false, activationEvent: 'onTerminalQuickFixRequest:ms-vscode.npm-command'
2025-05-01 16:49:28.614 [error] [llvm-vs-code-extensions.vscode-clangd] provider FAILED
2025-05-01 16:49:28.614 [error] {"a":true,"b":null}
2025-05-01 16:49:28.616 [error] [llvm-vs-code-extensions.vscode-clangd] provider FAILED
2025-05-01 16:49:28.616 [error] {"a":true,"b":null}
2025-05-01 16:50:10.132 [error] [llvm-vs-code-extensions.vscode-clangd] provider FAILED
2025-05-01 16:50:10.132 [error] {"a":true,"b":null}
2025-05-01 16:50:10.338 [error] [llvm-vs-code-extensions.vscode-clangd] provider FAILED
2025-05-01 16:50:10.338 [error] {"a":true,"b":null}
2025-05-01 17:07:09.374 [error] [llvm-vs-code-extensions.vscode-clangd] provider FAILED
2025-05-01 17:07:09.374 [error] {"a":true,"b":null}
2025-05-01 17:07:14.526 [error] [llvm-vs-code-extensions.vscode-clangd] provider FAILED
2025-05-01 17:07:14.526 [error] {"a":true,"b":null}
2025-05-01 17:07:14.857 [error] [llvm-vs-code-extensions.vscode-clangd] provider FAILED
2025-05-01 17:07:14.857 [error] {"a":true,"b":null}
2025-05-01 17:07:15.328 [error] [llvm-vs-code-extensions.vscode-clangd] provider FAILED
2025-05-01 17:07:15.328 [error] {"a":true,"b":null}
2025-05-01 17:07:30.902 [error] [llvm-vs-code-extensions.vscode-clangd] provider FAILED
2025-05-01 17:07:30.902 [error] {"a":true,"b":null}
2025-05-01 17:07:31.039 [error] [llvm-vs-code-extensions.vscode-clangd] provider FAILED
2025-05-01 17:07:31.039 [error] {"a":true,"b":null}
2025-05-01 17:07:33.967 [error] [llvm-vs-code-extensions.vscode-clangd] provider FAILED
2025-05-01 17:07:33.967 [error] {"a":true,"b":null}
2025-05-01 17:07:34.169 [error] [llvm-vs-code-extensions.vscode-clangd] provider FAILED
2025-05-01 17:07:34.170 [error] {"a":true,"b":null}
2025-05-01 17:16:17.131 [info] Extension host terminating: renderer closed the MessagePort
2025-05-01 17:16:17.159 [error] Canceled: Canceled
	at new HR (file:///usr/lib/code/out/vs/workbench/api/node/extensionHostProcess.js:29:111362)
	at i4.U (file:///usr/lib/code/out/vs/workbench/api/node/extensionHostProcess.js:29:115973)
	at s.<computed>.n.charCodeAt.s.<computed> (file:///usr/lib/code/out/vs/workbench/api/node/extensionHostProcess.js:29:113467)
	at vw.g (file:///usr/lib/code/out/vs/workbench/api/node/extensionHostProcess.js:111:40983)
	at vw.executeCommand (file:///usr/lib/code/out/vs/workbench/api/node/extensionHostProcess.js:111:40487)
	at r.registerCommand.description (file:///usr/lib/code/out/vs/workbench/api/node/extensionHostProcess.js:111:39817)
	at vw.h (file:///usr/lib/code/out/vs/workbench/api/node/extensionHostProcess.js:111:41503)
	at vw.g (file:///usr/lib/code/out/vs/workbench/api/node/extensionHostProcess.js:111:40580)
	at vw.executeCommand (file:///usr/lib/code/out/vs/workbench/api/node/extensionHostProcess.js:111:40487)
	at Object.executeCommand (file:///usr/lib/code/out/vs/workbench/api/node/extensionHostProcess.js:173:30346)
	at Ah.L [as value] (/usr/lib/code/extensions/git/dist/main.js:2:511809)
	at D.B (file:///usr/lib/code/out/vs/workbench/api/node/extensionHostProcess.js:27:2375)
	at D.C (file:///usr/lib/code/out/vs/workbench/api/node/extensionHostProcess.js:27:2445)
	at D.fire (file:///usr/lib/code/out/vs/workbench/api/node/extensionHostProcess.js:27:2662)
	at Object.g [as dispose] (/usr/lib/code/extensions/git/dist/main.js:2:534449)
	at /usr/lib/code/extensions/git/dist/main.js:2:540767
	at Array.forEach (<anonymous>)
	at b.dispose (/usr/lib/code/extensions/git/dist/main.js:2:540753)
	at iv.<anonymous> (file:///usr/lib/code/out/vs/workbench/api/node/extensionHostProcess.js:107:8922)
	at iv.dispose (file:///usr/lib/code/out/vs/workbench/api/node/extensionHostProcess.js:107:9018)
	at iv.<anonymous> (/usr/lib/code/extensions/git/dist/main.js:2:514293)
	at iv.dispose (file:///usr/lib/code/out/vs/workbench/api/node/extensionHostProcess.js:107:9018)
	at pi (file:///usr/lib/code/out/vs/workbench/api/node/extensionHostProcess.js:25:701)
	at file:///usr/lib/code/out/vs/workbench/api/node/extensionHostProcess.js:115:14994
	at file:///usr/lib/code/out/vs/workbench/api/node/extensionHostProcess.js:25:1011
	at Object.dispose (file:///usr/lib/code/out/vs/workbench/api/node/extensionHostProcess.js:8:705)
	at vV.eb (file:///usr/lib/code/out/vs/workbench/api/node/extensionHostProcess.js:115:11921)
	at file:///usr/lib/code/out/vs/workbench/api/node/extensionHostProcess.js:115:9876
	at Array.map (<anonymous>)
	at vV.$ (file:///usr/lib/code/out/vs/workbench/api/node/extensionHostProcess.js:115:9864)
	at vV.terminate (file:///usr/lib/code/out/vs/workbench/api/node/extensionHostProcess.js:115:10107)
	at oD.terminate (file:///usr/lib/code/out/vs/workbench/api/node/extensionHostProcess.js:116:1434)
	at es (file:///usr/lib/code/out/vs/workbench/api/node/extensionHostProcess.js:197:5701)
	at MessagePortMain.<anonymous> (file:///usr/lib/code/out/vs/workbench/api/node/extensionHostProcess.js:197:2249)
	at MessagePortMain.emit (node:events:524:28)
	at MessagePortMain._internalPort.emit (node:electron/js2c/utility_init:2:2949) setContext undefined
2025-05-01 17:16:17.161 [error] Canceled: Canceled
	at new HR (file:///usr/lib/code/out/vs/workbench/api/node/extensionHostProcess.js:29:111362)
	at i4.U (file:///usr/lib/code/out/vs/workbench/api/node/extensionHostProcess.js:29:115973)
	at s.<computed>.n.charCodeAt.s.<computed> (file:///usr/lib/code/out/vs/workbench/api/node/extensionHostProcess.js:29:113467)
	at vw.g (file:///usr/lib/code/out/vs/workbench/api/node/extensionHostProcess.js:111:40983)
	at vw.executeCommand (file:///usr/lib/code/out/vs/workbench/api/node/extensionHostProcess.js:111:40487)
	at r.registerCommand.description (file:///usr/lib/code/out/vs/workbench/api/node/extensionHostProcess.js:111:39817)
	at vw.h (file:///usr/lib/code/out/vs/workbench/api/node/extensionHostProcess.js:111:41503)
	at vw.g (file:///usr/lib/code/out/vs/workbench/api/node/extensionHostProcess.js:111:40580)
	at vw.executeCommand (file:///usr/lib/code/out/vs/workbench/api/node/extensionHostProcess.js:111:40487)
	at Object.executeCommand (file:///usr/lib/code/out/vs/workbench/api/node/extensionHostProcess.js:173:30346)
	at set hasGitHubRepositories (/usr/lib/code/extensions/github/dist/extension.js:2:217805)
	at /usr/lib/code/extensions/github/dist/extension.js:2:218764
	at Ah.value (/usr/lib/code/extensions/git/dist/main.js:2:631688)
	at D.B (file:///usr/lib/code/out/vs/workbench/api/node/extensionHostProcess.js:27:2375)
	at D.C (file:///usr/lib/code/out/vs/workbench/api/node/extensionHostProcess.js:27:2445)
	at D.fire (file:///usr/lib/code/out/vs/workbench/api/node/extensionHostProcess.js:27:2662)
	at Object.g [as dispose] (/usr/lib/code/extensions/git/dist/main.js:2:534449)
	at /usr/lib/code/extensions/git/dist/main.js:2:540767
	at Array.forEach (<anonymous>)
	at b.dispose (/usr/lib/code/extensions/git/dist/main.js:2:540753)
	at iv.<anonymous> (file:///usr/lib/code/out/vs/workbench/api/node/extensionHostProcess.js:107:8922)
	at iv.dispose (file:///usr/lib/code/out/vs/workbench/api/node/extensionHostProcess.js:107:9018)
	at iv.<anonymous> (/usr/lib/code/extensions/git/dist/main.js:2:514293)
	at iv.dispose (file:///usr/lib/code/out/vs/workbench/api/node/extensionHostProcess.js:107:9018)
	at pi (file:///usr/lib/code/out/vs/workbench/api/node/extensionHostProcess.js:25:701)
	at file:///usr/lib/code/out/vs/workbench/api/node/extensionHostProcess.js:115:14994
	at file:///usr/lib/code/out/vs/workbench/api/node/extensionHostProcess.js:25:1011
	at Object.dispose (file:///usr/lib/code/out/vs/workbench/api/node/extensionHostProcess.js:8:705)
	at vV.eb (file:///usr/lib/code/out/vs/workbench/api/node/extensionHostProcess.js:115:11921)
	at file:///usr/lib/code/out/vs/workbench/api/node/extensionHostProcess.js:115:9876
	at Array.map (<anonymous>)
	at vV.$ (file:///usr/lib/code/out/vs/workbench/api/node/extensionHostProcess.js:115:9864)
	at vV.terminate (file:///usr/lib/code/out/vs/workbench/api/node/extensionHostProcess.js:115:10107)
	at oD.terminate (file:///usr/lib/code/out/vs/workbench/api/node/extensionHostProcess.js:116:1434)
	at es (file:///usr/lib/code/out/vs/workbench/api/node/extensionHostProcess.js:197:5701)
	at MessagePortMain.<anonymous> (file:///usr/lib/code/out/vs/workbench/api/node/extensionHostProcess.js:197:2249)
	at MessagePortMain.emit (node:events:524:28)
	at MessagePortMain._internalPort.emit (node:electron/js2c/utility_init:2:2949) setContext undefined
2025-05-01 17:16:17.167 [info] Extension host with pid 3928 exiting with code 0
