2025-04-26 16:59:27.352 [info] [main] Log level: Info
2025-04-26 16:59:27.352 [info] [main] Validating found git in: "git"
2025-04-26 16:59:27.352 [info] [main] Using git "2.49.0" from "git"
2025-04-26 16:59:27.352 [info] [Model][doInitialScan] Initial repository scan started
2025-04-26 16:59:27.352 [info] > git rev-parse --show-toplevel [20ms]
2025-04-26 16:59:27.352 [info] > git rev-parse --git-dir --git-common-dir [19ms]
2025-04-26 16:59:27.352 [info] [Model][openRepository] Opened repository: /home/zokz
2025-04-26 16:59:27.469 [info] > git rev-parse --show-toplevel [87ms]
2025-04-26 16:59:27.471 [info] [Model][doInitialScan] Initial repository scan completed - repositories (1), closed repositories (0), parent repositories (0), unsafe repositories (0)
2025-04-26 16:59:27.476 [info] > git config --get commit.template [108ms]
2025-04-26 16:59:27.507 [info] [Git][getRemotes] No remotes found in the git config file
2025-04-26 16:59:27.513 [info] > git for-each-ref --format=%(refname)%00%(upstream:short)%00%(objectname)%00%(upstream:track)%00%(upstream:remotename)%00%(upstream:remoteref) refs/heads/master refs/remotes/master [15ms]
2025-04-26 16:59:27.513 [warning] [Git][getBranch] No such branch: master
2025-04-26 16:59:27.607 [info] > git for-each-ref --sort -committerdate --format %(refname)%00%(objectname)%00%(*objectname) [17ms]
2025-04-26 16:59:27.904 [info] > git show --textconv :coding/c++/opengl/main.cpp [23ms]
2025-04-26 16:59:27.905 [info] > git ls-files --stage -- coding/c++/opengl/main.cpp [1ms]
2025-04-26 16:59:27.946 [info] > git hash-object -t tree /dev/null [9ms]
2025-04-26 16:59:27.946 [warning] [GitFileSystemProvider][readFile] File not found - git:/home/zokz/coding/c%2B%2B/opengl/main.cpp.git?%7B%22path%22%3A%22%2Fhome%2Fzokz%2Fcoding%2Fc%2B%2B%2Fopengl%2Fmain.cpp%22%2C%22ref%22%3A%22%22%7D
2025-04-26 16:59:27.949 [info] > git hash-object -t tree /dev/null [28ms]
2025-04-26 16:59:27.950 [warning] [GitFileSystemProvider][stat] File not found - git:/home/zokz/coding/c%2B%2B/opengl/main.cpp.git?%7B%22path%22%3A%22%2Fhome%2Fzokz%2Fcoding%2Fc%2B%2B%2Fopengl%2Fmain.cpp%22%2C%22ref%22%3A%22%22%7D
2025-04-26 16:59:28.428 [info] > git check-ignore -v -z --stdin [461ms]
2025-04-26 16:59:35.717 [info] > git status -z -uall [8177ms] (cancelled)
2025-04-26 16:59:35.718 [info] > git for-each-ref --format=%(refname)%00%(upstream:short)%00%(objectname)%00%(upstream:track)%00%(upstream:remotename)%00%(upstream:remoteref) refs/heads/master refs/remotes/master [1844ms]
2025-04-26 16:59:35.718 [warning] [Git][getBranch] No such branch: master
2025-04-26 16:59:35.720 [error] [GitHistoryProvider][resolveHEADMergeBase] Failed to resolve merge base for master: Error: No such branch: master.
2025-04-26 16:59:35.734 [info] > git config --get commit.template [17ms]
2025-04-26 16:59:35.741 [info] [Git][getRemotes] No remotes found in the git config file
2025-04-26 16:59:35.743 [info] > git for-each-ref --format=%(refname)%00%(upstream:short)%00%(objectname)%00%(upstream:track)%00%(upstream:remotename)%00%(upstream:remoteref) refs/heads/master refs/remotes/master [2ms]
2025-04-26 16:59:35.743 [warning] [Git][getBranch] No such branch: master
2025-04-26 16:59:35.769 [info] > git for-each-ref --sort -committerdate --format %(refname)%00%(objectname)%00%(*objectname) [4ms]
2025-04-26 16:59:36.374 [info] > git log --format=%H%n%aN%n%aE%n%at%n%ct%n%P%n%D%n%B -z --shortstat --diff-merges=first-parent -n50 --skip=0 --topo-order --decorate=full --stdin [5ms]
2025-04-26 16:59:36.375 [info] fatal: bad revision 'refs/heads/master'
2025-04-26 16:59:36.380 [error] [GitHistoryProvider][provideHistoryItems] Failed to get history items with options '{"historyItemRefs":["refs/heads/master"],"limit":50,"skip":0}': Failed to execute git {
  "exitCode": 128,
  "gitCommand": "log",
  "stdout": "",
  "stderr": "fatal: bad revision 'refs/heads/master'\n"
}
2025-04-26 16:59:36.827 [info] > git check-ignore -v -z --stdin [2ms]
2025-04-26 16:59:39.232 [info] > git status -z -uall [3480ms] (cancelled)
2025-04-26 17:00:10.448 [info] > git show --textconv :coding/c++/opengl/main.cpp [49ms]
2025-04-26 17:00:10.452 [warning] [GitFileSystemProvider][readFile] File not found - git:/home/zokz/coding/c%2B%2B/opengl/main.cpp.git?%7B%22path%22%3A%22%2Fhome%2Fzokz%2Fcoding%2Fc%2B%2B%2Fopengl%2Fmain.cpp%22%2C%22ref%22%3A%22%22%7D
2025-04-26 17:00:10.458 [info] > git ls-files --stage -- coding/c++/opengl/main.cpp [31ms]
2025-04-26 17:00:10.459 [warning] [GitFileSystemProvider][stat] File not found - git:/home/zokz/coding/c%2B%2B/opengl/main.cpp.git?%7B%22path%22%3A%22%2Fhome%2Fzokz%2Fcoding%2Fc%2B%2B%2Fopengl%2Fmain.cpp%22%2C%22ref%22%3A%22%22%7D
2025-04-26 17:00:12.872 [info] > git show --textconv :coding/c++/opengl/opengl [52ms]
2025-04-26 17:00:12.876 [warning] [GitFileSystemProvider][readFile] File not found - git:/home/zokz/coding/c%2B%2B/opengl/opengl.git?%7B%22path%22%3A%22%2Fhome%2Fzokz%2Fcoding%2Fc%2B%2B%2Fopengl%2Fopengl%22%2C%22ref%22%3A%22%22%7D
2025-04-26 17:00:12.887 [info] > git ls-files --stage -- coding/c++/opengl/opengl [23ms]
2025-04-26 17:00:12.891 [warning] [GitFileSystemProvider][stat] File not found - git:/home/zokz/coding/c%2B%2B/opengl/opengl.git?%7B%22path%22%3A%22%2Fhome%2Fzokz%2Fcoding%2Fc%2B%2B%2Fopengl%2Fopengl%22%2C%22ref%22%3A%22%22%7D
2025-04-26 17:00:14.932 [info] > git show --textconv :coding/c++/opengl/main.cpp [46ms]
2025-04-26 17:00:14.938 [warning] [GitFileSystemProvider][readFile] File not found - git:/home/zokz/coding/c%2B%2B/opengl/main.cpp.git?%7B%22path%22%3A%22%2Fhome%2Fzokz%2Fcoding%2Fc%2B%2B%2Fopengl%2Fmain.cpp%22%2C%22ref%22%3A%22%22%7D
2025-04-26 17:00:14.948 [info] > git ls-files --stage -- coding/c++/opengl/main.cpp [17ms]
2025-04-26 17:00:14.950 [warning] [GitFileSystemProvider][stat] File not found - git:/home/zokz/coding/c%2B%2B/opengl/main.cpp.git?%7B%22path%22%3A%22%2Fhome%2Fzokz%2Fcoding%2Fc%2B%2B%2Fopengl%2Fmain.cpp%22%2C%22ref%22%3A%22%22%7D
