2025-04-19 14:12:07.601 [info] Reading sessions from keychain...
2025-04-19 14:12:07.602 [info] Getting sessions for all scopes...
2025-04-19 14:12:07.602 [info] Getting sessions for all scopes...
2025-04-19 14:12:07.941 [info] Got stored sessions!
2025-04-19 14:12:07.941 [info] Got 1 verified sessions.
2025-04-19 14:12:07.942 [info] Got 1 sessions for ...
2025-04-19 14:12:07.942 [info] Got 1 sessions for ...
2025-04-19 14:12:09.574 [info] Getting sessions for all scopes...
2025-04-19 14:12:09.574 [info] Got 1 sessions for ...
2025-04-19 14:12:10.022 [info] Getting sessions for all scopes...
2025-04-19 14:12:10.022 [info] Got 1 sessions for ...
2025-04-19 14:44:44.117 [info] Reading sessions from keychain...
2025-04-19 14:44:44.117 [info] Getting sessions for all scopes...
2025-04-19 14:44:44.117 [info] Got stored sessions!
2025-04-19 14:44:44.117 [info] Got 1 verified sessions.
2025-04-19 14:44:44.117 [info] Got 1 sessions for ...
2025-04-19 14:44:44.262 [info] Getting sessions for all scopes...
2025-04-19 14:44:44.262 [info] Got 1 sessions for ...
2025-04-19 14:44:47.169 [info] Getting sessions for all scopes...
2025-04-19 14:44:47.170 [info] Got 1 sessions for ...
2025-04-19 14:44:48.149 [info] Getting sessions for all scopes...
2025-04-19 14:44:48.149 [info] Got 1 sessions for ...
