2025-05-26 19:55:57.088 [info] Extension host with pid 1243 started
2025-05-26 19:55:57.088 [info] Skipping acquiring lock for /home/zokz/.config/Code/User/workspaceStorage/9690be6b8ea95244f988613ae599c10b.
2025-05-26 19:55:57.796 [info] ExtensionService#_doActivateExtension vscode.github-authentication, startup: false, activationEvent: 'onAuthenticationRequest:github-enterprise'
2025-05-26 19:55:57.876 [info] ExtensionService#_doActivateExtension vscode.emmet, startup: false, activationEvent: 'onLanguage'
2025-05-26 19:55:57.932 [info] ExtensionService#_doActivateExtension ms-vscode.cpptools, startup: false, activationEvent: 'onLanguage:cpp'
2025-05-26 19:55:59.110 [info] ExtensionService#_doActivateExtension vscode.git-base, startup: true, activationEvent: '*', root cause: vscode.git
2025-05-26 19:55:59.231 [info] ExtensionService#_doActivateExtension vscode.git, startup: true, activationEvent: '*'
2025-05-26 19:55:59.350 [info] ExtensionService#_doActivateExtension vscode.github, startup: true, activationEvent: '*'
2025-05-26 19:55:59.566 [info] Eager extensions activated
2025-05-26 19:56:00.183 [info] ExtensionService#_doActivateExtension vscode.debug-auto-launch, startup: false, activationEvent: 'onStartupFinished'
2025-05-26 19:56:00.190 [info] ExtensionService#_doActivateExtension vscode.merge-conflict, startup: false, activationEvent: 'onStartupFinished'
2025-05-26 19:56:00.443 [info] ExtensionService#_doActivateExtension vscode.configuration-editing, startup: false, activationEvent: 'onLanguage:jsonc'
2025-05-26 19:56:00.482 [info] ExtensionService#_doActivateExtension vscode.json-language-features, startup: false, activationEvent: 'onLanguage:jsonc'
2025-05-26 19:56:00.632 [info] ExtensionService#_doActivateExtension vscode.typescript-language-features, startup: false, activationEvent: 'onLanguage:jsonc'
2025-05-26 20:36:44.919 [info] Extension host terminating: renderer closed the MessagePort
2025-05-26 20:36:45.024 [error] Error: Channel has been closed
	at s (file:///opt/visual-studio-code/resources/app/out/vs/workbench/api/node/extensionHostProcess.js:117:2431)
	at Object.appendLine (file:///opt/visual-studio-code/resources/app/out/vs/workbench/api/node/extensionHostProcess.js:117:2570)
	at R.logOutputMessage (/opt/visual-studio-code/resources/app/extensions/json-language-features/client/dist/node/jsonClientMain.js:2:290791)
	at R.info (/opt/visual-studio-code/resources/app/extensions/json-language-features/client/dist/node/jsonClientMain.js:2:290524)
	at ChildProcess.<anonymous> (/opt/visual-studio-code/resources/app/extensions/json-language-features/client/dist/node/jsonClientMain.js:2:514797)
	at ChildProcess.emit (node:events:518:28)
	at ChildProcess._handle.onexit (node:internal/child_process:293:12)
2025-05-26 20:36:45.045 [info] Extension host with pid 1243 exiting with code 0
