2025-05-01 21:45:54.917 [info] [main] Log level: Info
2025-05-01 21:45:54.917 [info] [main] Validating found git in: "git"
2025-05-01 21:45:54.917 [info] [main] Using git "2.49.0" from "git"
2025-05-01 21:45:54.917 [info] [Model][doInitialScan] Initial repository scan started
2025-05-01 21:45:54.917 [info] > git rev-parse --show-toplevel [8ms]
2025-05-01 21:45:54.917 [info] > git rev-parse --git-dir --git-common-dir [7ms]
2025-05-01 21:45:54.917 [info] [Model][openRepository] Opened repository: /home/zokz
2025-05-01 21:45:54.919 [info] > git rev-parse --show-toplevel [5ms]
2025-05-01 21:45:54.924 [info] [Model][doInitialScan] Initial repository scan completed - repositories (1), closed repositories (0), parent repositories (0), unsafe repositories (0)
2025-05-01 21:45:54.925 [info] > git config --get commit.template [28ms]
2025-05-01 21:45:54.936 [info] [Git][getRemotes] No remotes found in the git config file
2025-05-01 21:45:54.942 [info] > git for-each-ref --format=%(refname)%00%(upstream:short)%00%(objectname)%00%(upstream:track)%00%(upstream:remotename)%00%(upstream:remoteref) refs/heads/master refs/remotes/master [8ms]
2025-05-01 21:45:54.942 [warning] [Git][getBranch] No such branch: master
2025-05-01 21:45:54.998 [info] > git for-each-ref --sort -committerdate --format %(refname)%00%(objectname)%00%(*objectname) [4ms]
2025-05-01 21:45:55.393 [info] > git show --textconv :coding/c++/opengl/main.cpp [23ms]
2025-05-01 21:45:55.406 [info] > git ls-files --stage -- coding/c++/opengl/main.cpp [17ms]
2025-05-01 21:45:55.416 [info] > git hash-object -t tree /dev/null [12ms]
2025-05-01 21:45:55.417 [warning] [GitFileSystemProvider][readFile] File not found - git:/home/zokz/coding/c%2B%2B/opengl/main.cpp.git?%7B%22path%22%3A%22%2Fhome%2Fzokz%2Fcoding%2Fc%2B%2B%2Fopengl%2Fmain.cpp%22%2C%22ref%22%3A%22%22%7D
2025-05-01 21:45:55.423 [info] > git hash-object -t tree /dev/null [7ms]
2025-05-01 21:45:55.423 [warning] [GitFileSystemProvider][stat] File not found - git:/home/zokz/coding/c%2B%2B/opengl/main.cpp.git?%7B%22path%22%3A%22%2Fhome%2Fzokz%2Fcoding%2Fc%2B%2B%2Fopengl%2Fmain.cpp%22%2C%22ref%22%3A%22%22%7D
2025-05-01 21:45:55.681 [info] > git check-ignore -v -z --stdin [5ms]
2025-05-01 21:46:05.886 [info] > git status -z -uall [10922ms] (cancelled)
2025-05-01 21:46:05.887 [info] > git for-each-ref --format=%(refname)%00%(upstream:short)%00%(objectname)%00%(upstream:track)%00%(upstream:remotename)%00%(upstream:remoteref) refs/heads/master refs/remotes/master [2500ms]
2025-05-01 21:46:05.887 [warning] [Git][getBranch] No such branch: master
2025-05-01 21:46:05.889 [error] [GitHistoryProvider][resolveHEADMergeBase] Failed to resolve merge base for master: Error: No such branch: master.
2025-05-01 21:46:05.903 [info] > git config --get commit.template [20ms]
2025-05-01 21:46:05.918 [info] [Git][getRemotes] No remotes found in the git config file
2025-05-01 21:46:05.921 [info] > git for-each-ref --format=%(refname)%00%(upstream:short)%00%(objectname)%00%(upstream:track)%00%(upstream:remotename)%00%(upstream:remoteref) refs/heads/master refs/remotes/master [4ms]
2025-05-01 21:46:05.921 [warning] [Git][getBranch] No such branch: master
2025-05-01 21:46:05.984 [info] > git for-each-ref --sort -committerdate --format %(refname)%00%(objectname)%00%(*objectname) [8ms]
2025-05-01 21:46:10.191 [info] > git status -z -uall [4246ms] (cancelled)
