2025-05-03 00:21:15.482 [info] [main] Log level: Info
2025-05-03 00:21:15.482 [info] [main] Validating found git in: "git"
2025-05-03 00:21:15.482 [info] [main] Using git "2.49.0" from "git"
2025-05-03 00:21:15.482 [info] [Model][doInitialScan] Initial repository scan started
2025-05-03 00:21:15.482 [info] > git rev-parse --show-toplevel [8ms]
2025-05-03 00:21:15.482 [info] > git rev-parse --git-dir --git-common-dir [13ms]
2025-05-03 00:21:15.482 [info] [Model][openRepository] Opened repository: /home/zokz
2025-05-03 00:21:15.484 [info] > git rev-parse --show-toplevel [25ms]
2025-05-03 00:21:15.485 [info] [Model][doInitialScan] Initial repository scan completed - repositories (1), closed repositories (0), parent repositories (0), unsafe repositories (0)
2025-05-03 00:21:15.487 [info] > git config --get commit.template [41ms]
2025-05-03 00:21:15.595 [info] [Git][getRemotes] No remotes found in the git config file
2025-05-03 00:21:15.650 [info] > git for-each-ref --format=%(refname)%00%(upstream:short)%00%(objectname)%00%(upstream:track)%00%(upstream:remotename)%00%(upstream:remoteref) refs/heads/master refs/remotes/master [56ms]
2025-05-03 00:21:15.650 [warning] [Git][getBranch] No such branch: master
2025-05-03 00:21:15.699 [info] > git for-each-ref --sort -committerdate --format %(refname)%00%(objectname)%00%(*objectname) [12ms]
2025-05-03 00:21:15.960 [info] > git show --textconv :coding/c++/opengl/main.cpp [44ms]
2025-05-03 00:21:15.960 [info] > git ls-files --stage -- coding/c++/opengl/main.cpp [7ms]
2025-05-03 00:21:16.020 [info] > git hash-object -t tree /dev/null [30ms]
2025-05-03 00:21:16.025 [warning] [GitFileSystemProvider][stat] File not found - git:/home/zokz/coding/c%2B%2B/opengl/main.cpp.git?%7B%22path%22%3A%22%2Fhome%2Fzokz%2Fcoding%2Fc%2B%2B%2Fopengl%2Fmain.cpp%22%2C%22ref%22%3A%22%22%7D
2025-05-03 00:21:16.040 [info] > git hash-object -t tree /dev/null [22ms]
2025-05-03 00:21:16.040 [warning] [GitFileSystemProvider][readFile] File not found - git:/home/zokz/coding/c%2B%2B/opengl/main.cpp.git?%7B%22path%22%3A%22%2Fhome%2Fzokz%2Fcoding%2Fc%2B%2B%2Fopengl%2Fmain.cpp%22%2C%22ref%22%3A%22%22%7D
2025-05-03 00:21:16.100 [info] > git check-ignore -v -z --stdin [5ms]
2025-05-03 00:21:26.183 [info] > git status -z -uall [10519ms] (cancelled)
2025-05-03 00:21:26.184 [info] > git for-each-ref --format=%(refname)%00%(upstream:short)%00%(objectname)%00%(upstream:track)%00%(upstream:remotename)%00%(upstream:remoteref) refs/heads/master refs/remotes/master [2023ms]
2025-05-03 00:21:26.184 [warning] [Git][getBranch] No such branch: master
2025-05-03 00:21:26.185 [error] [GitHistoryProvider][resolveHEADMergeBase] Failed to resolve merge base for master: Error: No such branch: master.
2025-05-03 00:21:26.195 [info] > git config --get commit.template [13ms]
2025-05-03 00:21:26.207 [info] [Git][getRemotes] No remotes found in the git config file
2025-05-03 00:21:26.209 [info] > git for-each-ref --format=%(refname)%00%(upstream:short)%00%(objectname)%00%(upstream:track)%00%(upstream:remotename)%00%(upstream:remoteref) refs/heads/master refs/remotes/master [5ms]
2025-05-03 00:21:26.209 [warning] [Git][getBranch] No such branch: master
2025-05-03 00:21:26.255 [info] > git for-each-ref --sort -committerdate --format %(refname)%00%(objectname)%00%(*objectname) [14ms]
2025-05-03 00:21:30.099 [info] > git status -z -uall [3874ms] (cancelled)
