2025-04-30 19:33:10.624 [info] [main] Log level: Info
2025-04-30 19:33:10.624 [info] [main] Validating found git in: "git"
2025-04-30 19:33:10.624 [info] [main] Using git "2.49.0" from "git"
2025-04-30 19:33:10.624 [info] [Model][doInitialScan] Initial repository scan started
2025-04-30 19:33:10.624 [info] > git rev-parse --show-toplevel [103ms]
2025-04-30 19:33:10.624 [info] > git rev-parse --git-dir --git-common-dir [44ms]
2025-04-30 19:33:10.624 [info] [Model][openRepository] Opened repository: /home/zokz
2025-04-30 19:33:10.627 [info] > git config --get commit.template [22ms]
2025-04-30 19:33:10.628 [info] > git rev-parse --show-toplevel [7ms]
2025-04-30 19:33:10.631 [info] [Model][doInitialScan] Initial repository scan completed - repositories (1), closed repositories (0), parent repositories (0), unsafe repositories (0)
2025-04-30 19:33:10.644 [info] [Git][getRemotes] No remotes found in the git config file
2025-04-30 19:33:10.649 [info] > git for-each-ref --format=%(refname)%00%(upstream:short)%00%(objectname)%00%(upstream:track)%00%(upstream:remotename)%00%(upstream:remoteref) refs/heads/master refs/remotes/master [7ms]
2025-04-30 19:33:10.649 [warning] [Git][getBranch] No such branch: master
2025-04-30 19:33:10.693 [info] > git for-each-ref --sort -committerdate --format %(refname)%00%(objectname)%00%(*objectname) [7ms]
2025-04-30 19:33:11.597 [info] > git check-ignore -v -z --stdin [47ms]
2025-04-30 19:33:11.738 [info] > git show --textconv :coding/c++/opengl/main.cpp [36ms]
2025-04-30 19:33:11.740 [info] > git ls-files --stage -- coding/c++/opengl/main.cpp [13ms]
2025-04-30 19:33:11.776 [info] > git hash-object -t tree /dev/null [12ms]
2025-04-30 19:33:11.777 [warning] [GitFileSystemProvider][readFile] File not found - git:/home/zokz/coding/c%2B%2B/opengl/main.cpp.git?%7B%22path%22%3A%22%2Fhome%2Fzokz%2Fcoding%2Fc%2B%2B%2Fopengl%2Fmain.cpp%22%2C%22ref%22%3A%22%22%7D
2025-04-30 19:33:11.788 [info] > git hash-object -t tree /dev/null [38ms]
2025-04-30 19:33:11.788 [warning] [GitFileSystemProvider][stat] File not found - git:/home/zokz/coding/c%2B%2B/opengl/main.cpp.git?%7B%22path%22%3A%22%2Fhome%2Fzokz%2Fcoding%2Fc%2B%2B%2Fopengl%2Fmain.cpp%22%2C%22ref%22%3A%22%22%7D
2025-04-30 19:33:20.242 [info] > git status -z -uall [9577ms] (cancelled)
2025-04-30 19:33:20.242 [info] > git for-each-ref --format=%(refname)%00%(upstream:short)%00%(objectname)%00%(upstream:track)%00%(upstream:remotename)%00%(upstream:remoteref) refs/heads/master refs/remotes/master [1858ms]
2025-04-30 19:33:20.242 [warning] [Git][getBranch] No such branch: master
2025-04-30 19:33:20.243 [error] [GitHistoryProvider][resolveHEADMergeBase] Failed to resolve merge base for master: Error: No such branch: master.
2025-04-30 19:33:20.253 [info] > git config --get commit.template [13ms]
2025-04-30 19:33:20.262 [info] [Git][getRemotes] No remotes found in the git config file
2025-04-30 19:33:20.265 [info] > git for-each-ref --format=%(refname)%00%(upstream:short)%00%(objectname)%00%(upstream:track)%00%(upstream:remotename)%00%(upstream:remoteref) refs/heads/master refs/remotes/master [4ms]
2025-04-30 19:33:20.265 [warning] [Git][getBranch] No such branch: master
2025-04-30 19:33:20.295 [info] > git for-each-ref --sort -committerdate --format %(refname)%00%(objectname)%00%(*objectname) [3ms]
2025-04-30 19:33:24.404 [info] > git status -z -uall [4128ms] (cancelled)
