2025-04-30 22:38:36.288 [info] [main] Log level: Info
2025-04-30 22:38:36.288 [info] [main] Validating found git in: "git"
2025-04-30 22:38:36.288 [info] [main] Using git "2.49.0" from "git"
2025-04-30 22:38:36.288 [info] [Model][doInitialScan] Initial repository scan started
2025-04-30 22:38:36.288 [info] > git rev-parse --show-toplevel [19ms]
2025-04-30 22:38:36.288 [info] > git rev-parse --git-dir --git-common-dir [10ms]
2025-04-30 22:38:36.288 [info] [Model][openRepository] Opened repository: /home/zokz
2025-04-30 22:38:36.288 [info] > git rev-parse --show-toplevel [51ms]
2025-04-30 22:38:36.288 [info] [Model][doInitialScan] Initial repository scan completed - repositories (1), closed repositories (0), parent repositories (0), unsafe repositories (0)
2025-04-30 22:38:36.288 [info] > git config --get commit.template [88ms]
2025-04-30 22:38:36.288 [info] [Git][getRemotes] No remotes found in the git config file
2025-04-30 22:38:36.295 [info] > git for-each-ref --format=%(refname)%00%(upstream:short)%00%(objectname)%00%(upstream:track)%00%(upstream:remotename)%00%(upstream:remoteref) refs/heads/master refs/remotes/master [9ms]
2025-04-30 22:38:36.299 [warning] [Git][getBranch] No such branch: master
2025-04-30 22:38:36.363 [info] > git for-each-ref --sort -committerdate --format %(refname)%00%(objectname)%00%(*objectname) [6ms]
2025-04-30 22:38:36.558 [info] > git show --textconv :coding/c++/opengl/main.cpp [35ms]
2025-04-30 22:38:36.582 [info] > git ls-files --stage -- coding/c++/opengl/main.cpp [25ms]
2025-04-30 22:38:36.613 [info] > git hash-object -t tree /dev/null [33ms]
2025-04-30 22:38:36.613 [warning] [GitFileSystemProvider][readFile] File not found - git:/home/zokz/coding/c%2B%2B/opengl/main.cpp.git?%7B%22path%22%3A%22%2Fhome%2Fzokz%2Fcoding%2Fc%2B%2B%2Fopengl%2Fmain.cpp%22%2C%22ref%22%3A%22%22%7D
2025-04-30 22:38:36.626 [info] > git hash-object -t tree /dev/null [17ms]
2025-04-30 22:38:36.626 [warning] [GitFileSystemProvider][stat] File not found - git:/home/zokz/coding/c%2B%2B/opengl/main.cpp.git?%7B%22path%22%3A%22%2Fhome%2Fzokz%2Fcoding%2Fc%2B%2B%2Fopengl%2Fmain.cpp%22%2C%22ref%22%3A%22%22%7D
2025-04-30 22:38:36.659 [info] > git check-ignore -v -z --stdin [11ms]
2025-04-30 22:38:48.507 [info] > git status -z -uall [12182ms] (cancelled)
2025-04-30 22:38:48.508 [info] > git for-each-ref --format=%(refname)%00%(upstream:short)%00%(objectname)%00%(upstream:track)%00%(upstream:remotename)%00%(upstream:remoteref) refs/heads/master refs/remotes/master [2133ms]
2025-04-30 22:38:48.508 [warning] [Git][getBranch] No such branch: master
2025-04-30 22:38:48.509 [error] [GitHistoryProvider][resolveHEADMergeBase] Failed to resolve merge base for master: Error: No such branch: master.
2025-04-30 22:38:48.521 [info] > git config --get commit.template [14ms]
2025-04-30 22:38:48.532 [info] [Git][getRemotes] No remotes found in the git config file
2025-04-30 22:38:48.535 [info] > git for-each-ref --format=%(refname)%00%(upstream:short)%00%(objectname)%00%(upstream:track)%00%(upstream:remotename)%00%(upstream:remoteref) refs/heads/master refs/remotes/master [4ms]
2025-04-30 22:38:48.535 [warning] [Git][getBranch] No such branch: master
2025-04-30 22:38:48.579 [info] > git for-each-ref --sort -committerdate --format %(refname)%00%(objectname)%00%(*objectname) [3ms]
2025-04-30 22:38:54.776 [info] > git status -z -uall [6223ms] (cancelled)
