I[19:33:09.266] clangd version 19.1.7
I[19:33:09.266] Features: linux
I[19:33:09.266] PID: 1145
I[19:33:09.266] Working directory: /home/zokz/coding/c++/opengl
I[19:33:09.266] argv[0]: /usr/bin/clangd
I[19:33:09.268] Starting LSP over stdin/stdout
I[19:33:09.272] <-- initialize(0)
I[19:33:09.279] --> reply:initialize(0) 7 ms
I[19:33:09.295] <-- initialized
I[19:33:09.325] <-- textDocument/didOpen
I[19:33:09.334] --> textDocument/publishDiagnostics
I[19:33:09.334] Failed to find compilation database for /home/zokz/coding/c++/opengl/main.cpp
I[19:33:09.334] ASTWorker building file /home/zokz/coding/c++/opengl/main.cpp version 1 with command clangd fallback
[/home/zokz/coding/c++/opengl]
/usr/bin/clang -resource-dir=/usr/lib/clang/19 -- /home/zokz/coding/c++/opengl/main.cpp
I[19:33:09.362] --> textDocument/clangd.fileStatus
I[19:33:09.720] <-- textDocument/documentLink(1)
I[19:33:09.728] <-- textDocument/inlayHint(2)
I[19:33:10.051] <-- textDocument/foldingRange(3)
I[19:33:10.052] <-- textDocument/codeAction(4)
I[19:33:10.054] <-- textDocument/documentSymbol(5)
I[19:33:10.055] --> reply:textDocument/foldingRange(3) 3 ms
I[19:33:10.210] <-- $/setTrace
I[19:33:10.210] unhandled notification $/setTrace
I[19:33:10.359] <-- textDocument/semanticTokens/full(6)
I[19:33:10.359] <-- $/cancelRequest
I[19:33:10.359] <-- $/cancelRequest
I[19:33:10.359] <-- textDocument/codeAction(7)
I[19:33:10.489] <-- textDocument/documentLink(8)
I[19:33:11.590] <-- $/cancelRequest
I[19:33:11.591] <-- textDocument/documentSymbol(9)
I[19:33:11.591] <-- $/cancelRequest
I[19:33:11.591] <-- textDocument/codeAction(10)
I[19:33:11.591] <-- $/cancelRequest
I[19:33:11.592] <-- textDocument/codeAction(11)
I[19:33:11.778] <-- $/cancelRequest
I[19:33:11.778] <-- textDocument/documentLink(12)
I[19:33:11.862] <-- $/setTrace
I[19:33:11.862] unhandled notification $/setTrace
I[19:33:12.172] <-- $/cancelRequest
I[19:33:12.201] <-- $/cancelRequest
I[19:33:12.201] <-- textDocument/codeAction(13)
I[19:33:12.202] <-- $/cancelRequest
I[19:33:12.202] <-- textDocument/documentLink(14)
I[19:33:12.222] <-- $/setTrace
I[19:33:12.222] unhandled notification $/setTrace
I[19:33:12.222] <-- $/cancelRequest
I[19:33:12.222] <-- $/cancelRequest
I[19:33:12.228] <-- textDocument/documentLink(15)
I[19:33:12.230] <-- textDocument/inlayHint(16)
I[19:33:12.363] <-- textDocument/documentSymbol(17)
I[19:33:12.458] <-- textDocument/documentSymbol(18)
I[19:33:12.534] <-- textDocument/foldingRange(19)
I[19:33:12.534] --> reply:textDocument/foldingRange(19) 0 ms
I[19:33:13.022] Built preamble of size 12567532 for file /home/zokz/coding/c++/opengl/main.cpp version 1 in 3.66 seconds
I[19:33:13.023] --> workspace/semanticTokens/refresh(0)
I[19:33:13.023] --> textDocument/clangd.fileStatus
I[19:33:13.023] Indexing c++17 standard library in the context of /home/zokz/coding/c++/opengl/main.cpp
I[19:33:13.026] <-- reply(0)
I[19:33:13.242] --> textDocument/publishDiagnostics
I[19:33:13.242] --> textDocument/inactiveRegions
I[19:33:13.243] --> reply:textDocument/documentLink(1) 3523 ms, error: Task was cancelled.
I[19:33:13.243] --> reply:textDocument/inlayHint(2) 3515 ms, error: Task was cancelled.
I[19:33:13.243] --> reply:textDocument/codeAction(4) 3191 ms, error: Task was cancelled.
I[19:33:13.244] --> reply:textDocument/documentSymbol(5) 3189 ms, error: Task was cancelled.
I[19:33:13.244] --> reply:textDocument/semanticTokens/full(6) 2885 ms
I[19:33:13.244] --> reply:textDocument/codeAction(7) 2884 ms, error: Task was cancelled.
I[19:33:13.244] --> reply:textDocument/documentLink(8) 2755 ms, error: Task was cancelled.
I[19:33:13.244] --> reply:textDocument/documentSymbol(9) 1653 ms, error: Task was cancelled.
I[19:33:13.244] --> reply:textDocument/codeAction(10) 1653 ms, error: Task was cancelled.
I[19:33:13.244] --> reply:textDocument/codeAction(11) 1652 ms, error: Task was cancelled.
I[19:33:13.244] --> reply:textDocument/documentLink(12) 1466 ms, error: Task was cancelled.
I[19:33:13.244] --> reply:textDocument/codeAction(13) 1042 ms
I[19:33:13.244] --> reply:textDocument/documentLink(14) 1042 ms, error: Task was cancelled.
I[19:33:13.244] --> reply:textDocument/documentLink(15) 1016 ms
I[19:33:13.251] --> reply:textDocument/inlayHint(16) 1021 ms
[Error - 7:33:13 PM] Request textDocument/documentLink failed.
[object Object]
I[19:33:13.254] --> reply:textDocument/documentSymbol(17) 890 ms
I[19:33:13.254] --> reply:textDocument/documentSymbol(18) 796 ms
I[19:33:13.254] --> textDocument/clangd.fileStatus
[Error - 7:33:13 PM] Request textDocument/inlayHint failed.
[object Object]
[Error - 7:33:13 PM] Request textDocument/codeAction failed.
[object Object]
[Error - 7:33:13 PM] Request textDocument/documentSymbol failed.
[object Object]
[Error - 7:33:13 PM] Request textDocument/codeAction failed.
[object Object]
[Error - 7:33:13 PM] Request textDocument/documentLink failed.
[object Object]
[Error - 7:33:13 PM] Request textDocument/documentSymbol failed.
[object Object]
[Error - 7:33:13 PM] Request textDocument/codeAction failed.
[object Object]
[Error - 7:33:13 PM] Request textDocument/codeAction failed.
[object Object]
[Error - 7:33:13 PM] Request textDocument/documentLink failed.
[object Object]
[Error - 7:33:13 PM] Request textDocument/documentLink failed.
[object Object]
I[19:33:13.655] <-- textDocument/codeAction(20)
I[19:33:13.656] --> reply:textDocument/codeAction(20) 0 ms
I[19:33:13.656] --> textDocument/clangd.fileStatus
I[19:33:15.337] <-- textDocument/semanticTokens/full/delta(21)
I[19:33:15.338] --> reply:textDocument/semanticTokens/full/delta(21) 0 ms
I[19:33:15.338] --> textDocument/clangd.fileStatus
I[19:33:19.008] Indexed c++17 standard library (incomplete due to errors): 14365 symbols, 10019 filtered
I[19:33:26.916] <-- textDocument/hover(22)
I[19:33:26.919] --> reply:textDocument/hover(22) 3 ms
I[19:33:26.919] --> textDocument/clangd.fileStatus
I[19:33:26.956] <-- textDocument/inlayHint(23)
I[19:33:26.957] --> reply:textDocument/inlayHint(23) 1 ms
I[19:33:26.958] --> textDocument/clangd.fileStatus
I[19:33:27.852] <-- textDocument/inlayHint(24)
I[19:33:27.853] --> reply:textDocument/inlayHint(24) 1 ms
I[19:33:27.854] --> textDocument/clangd.fileStatus
I[19:33:28.580] <-- textDocument/inlayHint(25)
I[19:33:28.582] --> reply:textDocument/inlayHint(25) 1 ms
I[19:33:28.583] --> textDocument/clangd.fileStatus
I[19:33:28.816] <-- textDocument/hover(26)
I[19:33:28.818] --> reply:textDocument/hover(26) 1 ms
I[19:33:28.818] --> textDocument/clangd.fileStatus
I[19:33:33.980] <-- textDocument/codeAction(27)
I[19:33:33.981] --> reply:textDocument/codeAction(27) 0 ms
I[19:33:33.981] --> textDocument/clangd.fileStatus
I[19:33:35.024] <-- textDocument/hover(28)
I[19:33:35.025] --> reply:textDocument/hover(28) 1 ms
I[19:33:35.025] --> textDocument/clangd.fileStatus
I[19:33:35.352] <-- textDocument/hover(29)
I[19:33:35.353] --> reply:textDocument/hover(29) 1 ms
I[19:33:35.353] --> textDocument/clangd.fileStatus
I[19:34:44.037] <-- textDocument/hover(30)
I[19:34:44.039] --> reply:textDocument/hover(30) 2 ms
I[19:34:44.040] --> textDocument/clangd.fileStatus
I[19:34:44.084] <-- textDocument/inlayHint(31)
I[19:34:44.086] --> reply:textDocument/inlayHint(31) 1 ms
I[19:34:44.086] --> textDocument/clangd.fileStatus
I[19:34:44.740] <-- textDocument/hover(32)
I[19:34:44.742] --> reply:textDocument/hover(32) 2 ms
I[19:34:44.742] --> textDocument/clangd.fileStatus
I[19:34:45.730] <-- textDocument/inlayHint(33)
I[19:34:45.732] --> reply:textDocument/inlayHint(33) 2 ms
I[19:34:45.733] --> textDocument/clangd.fileStatus
I[19:34:46.881] <-- textDocument/inlayHint(34)
I[19:34:46.885] --> reply:textDocument/inlayHint(34) 3 ms
I[19:34:46.887] --> textDocument/clangd.fileStatus
I[19:34:47.596] <-- textDocument/inlayHint(35)
I[19:34:47.598] --> reply:textDocument/inlayHint(35) 1 ms
I[19:34:47.599] --> textDocument/clangd.fileStatus
I[19:34:48.615] <-- textDocument/inlayHint(36)
I[19:34:48.617] --> reply:textDocument/inlayHint(36) 1 ms
I[19:34:48.618] --> textDocument/clangd.fileStatus
I[19:34:48.998] <-- textDocument/inlayHint(37)
I[19:34:48.999] --> reply:textDocument/inlayHint(37) 1 ms
I[19:34:49.000] --> textDocument/clangd.fileStatus
I[19:34:50.529] <-- textDocument/inlayHint(38)
I[19:34:50.531] --> reply:textDocument/inlayHint(38) 1 ms
I[19:34:50.532] --> textDocument/clangd.fileStatus
