2025-05-31 14:15:19.723 [info] Extension host with pid 5266 started
2025-05-31 14:15:20.077 [info] ExtensionService#_doActivateExtension vscode.github-authentication, startup: false, activationEvent: 'onAuthenticationRequest:github-enterprise'
2025-05-31 14:15:20.142 [info] ExtensionService#_doActivateExtension vscode.emmet, startup: false, activationEvent: 'onLanguage'
2025-05-31 14:15:20.765 [info] ExtensionService#_doActivateExtension vscode.git-base, startup: true, activationEvent: '*'
2025-05-31 14:15:20.781 [info] ExtensionService#_doActivateExtension vscode.github, startup: true, activationEvent: '*'
2025-05-31 14:15:20.933 [info] Eager extensions activated
2025-05-31 14:15:21.050 [info] ExtensionService#_doActivateExtension vscode.debug-auto-launch, startup: false, activationEvent: 'onStartupFinished'
2025-05-31 14:15:21.064 [info] ExtensionService#_doActivateExtension vscode.merge-conflict, startup: false, activationEvent: 'onStartupFinished'
2025-05-31 14:15:21.109 [info] ExtensionService#_doActivateExtension vscode.configuration-editing, startup: false, activationEvent: 'onLanguage:jsonc'
2025-05-31 14:15:21.129 [info] ExtensionService#_doActivateExtension vscode.json-language-features, startup: false, activationEvent: 'onLanguage:jsonc'
2025-05-31 14:15:21.309 [info] ExtensionService#_doActivateExtension vscode.typescript-language-features, startup: false, activationEvent: 'onLanguage:jsonc'
2025-05-31 14:15:48.074 [info] Extension host terminating: renderer closed the MessagePort
2025-05-31 14:15:48.125 [info] Extension host with pid 5266 exiting with code 0
2025-05-31 14:15:51.013 [info] Extension host with pid 5376 started
2025-05-31 14:15:51.013 [info] Skipping acquiring lock for /home/zokz/.config/Code/User/workspaceStorage/9690be6b8ea95244f988613ae599c10b.
2025-05-31 14:15:51.593 [info] ExtensionService#_doActivateExtension vscode.github-authentication, startup: false, activationEvent: 'onAuthenticationRequest:github-enterprise'
2025-05-31 14:15:51.687 [info] ExtensionService#_doActivateExtension vscode.emmet, startup: false, activationEvent: 'onLanguage'
2025-05-31 14:15:51.724 [info] ExtensionService#_doActivateExtension ms-vscode.cpptools, startup: false, activationEvent: 'onLanguage:cpp'
2025-05-31 14:15:52.938 [info] ExtensionService#_doActivateExtension vscode.git-base, startup: true, activationEvent: '*', root cause: vscode.git
2025-05-31 14:15:53.144 [info] ExtensionService#_doActivateExtension vscode.git, startup: true, activationEvent: '*'
2025-05-31 14:15:53.293 [info] ExtensionService#_doActivateExtension vscode.github, startup: true, activationEvent: '*'
2025-05-31 14:15:53.783 [info] Eager extensions activated
2025-05-31 14:15:53.958 [info] ExtensionService#_doActivateExtension vscode.debug-auto-launch, startup: false, activationEvent: 'onStartupFinished'
2025-05-31 14:15:53.969 [info] ExtensionService#_doActivateExtension vscode.merge-conflict, startup: false, activationEvent: 'onStartupFinished'
2025-05-31 14:15:54.288 [info] ExtensionService#_doActivateExtension vscode.configuration-editing, startup: false, activationEvent: 'onLanguage:jsonc'
2025-05-31 14:15:54.835 [info] ExtensionService#_doActivateExtension vscode.json-language-features, startup: false, activationEvent: 'onLanguage:jsonc'
2025-05-31 14:15:55.000 [info] ExtensionService#_doActivateExtension vscode.typescript-language-features, startup: false, activationEvent: 'onLanguage:jsonc'
2025-05-31 14:17:04.065 [info] Extension host terminating: renderer closed the MessagePort
2025-05-31 14:17:04.231 [error] Error: Channel has been closed
	at s (file:///opt/visual-studio-code/resources/app/out/vs/workbench/api/node/extensionHostProcess.js:117:2431)
	at Object.appendLine (file:///opt/visual-studio-code/resources/app/out/vs/workbench/api/node/extensionHostProcess.js:117:2570)
	at R.logOutputMessage (/opt/visual-studio-code/resources/app/extensions/json-language-features/client/dist/node/jsonClientMain.js:2:290791)
	at R.info (/opt/visual-studio-code/resources/app/extensions/json-language-features/client/dist/node/jsonClientMain.js:2:290524)
	at ChildProcess.<anonymous> (/opt/visual-studio-code/resources/app/extensions/json-language-features/client/dist/node/jsonClientMain.js:2:514797)
	at ChildProcess.emit (node:events:518:28)
	at ChildProcess._handle.onexit (node:internal/child_process:293:12)
2025-05-31 14:17:04.347 [info] Extension host with pid 5376 exiting with code 0
