2025-04-28 20:41:41.738 [info] [main] Log level: Info
2025-04-28 20:41:41.738 [info] [main] Validating found git in: "git"
2025-04-28 20:41:41.738 [info] [main] Using git "2.49.0" from "git"
2025-04-28 20:41:41.738 [info] [Model][doInitialScan] Initial repository scan started
2025-04-28 20:41:41.738 [info] > git rev-parse --show-toplevel [25ms]
2025-04-28 20:41:41.751 [info] > git rev-parse --git-dir --git-common-dir [20ms]
2025-04-28 20:41:41.806 [info] [Model][openRepository] Opened repository: /home/zokz
2025-04-28 20:41:41.882 [info] > git rev-parse --show-toplevel [30ms]
2025-04-28 20:41:41.886 [info] [Model][doInitialScan] Initial repository scan completed - repositories (1), closed repositories (0), parent repositories (0), unsafe repositories (0)
2025-04-28 20:41:41.888 [info] > git config --get commit.template [54ms]
2025-04-28 20:41:42.009 [info] [Git][getRemotes] No remotes found in the git config file
2025-04-28 20:41:42.018 [info] > git for-each-ref --format=%(refname)%00%(upstream:short)%00%(objectname)%00%(upstream:track)%00%(upstream:remotename)%00%(upstream:remoteref) refs/heads/master refs/remotes/master [11ms]
2025-04-28 20:41:42.019 [warning] [Git][getBranch] No such branch: master
2025-04-28 20:41:42.053 [info] > git for-each-ref --sort -committerdate --format %(refname)%00%(objectname)%00%(*objectname) [2ms]
2025-04-28 20:41:42.434 [info] > git show --textconv :coding/c++/opengl/main.cpp [37ms]
2025-04-28 20:41:42.465 [info] > git ls-files --stage -- coding/c++/opengl/main.cpp [29ms]
2025-04-28 20:41:42.488 [info] > git hash-object -t tree /dev/null [27ms]
2025-04-28 20:41:42.488 [warning] [GitFileSystemProvider][readFile] File not found - git:/home/zokz/coding/c%2B%2B/opengl/main.cpp.git?%7B%22path%22%3A%22%2Fhome%2Fzokz%2Fcoding%2Fc%2B%2B%2Fopengl%2Fmain.cpp%22%2C%22ref%22%3A%22%22%7D
2025-04-28 20:41:42.492 [info] > git hash-object -t tree /dev/null [5ms]
2025-04-28 20:41:42.492 [warning] [GitFileSystemProvider][stat] File not found - git:/home/zokz/coding/c%2B%2B/opengl/main.cpp.git?%7B%22path%22%3A%22%2Fhome%2Fzokz%2Fcoding%2Fc%2B%2B%2Fopengl%2Fmain.cpp%22%2C%22ref%22%3A%22%22%7D
2025-04-28 20:41:43.159 [info] > git check-ignore -v -z --stdin [60ms]
2025-04-28 20:41:51.850 [info] > git status -z -uall [9820ms] (cancelled)
2025-04-28 20:41:51.851 [info] > git for-each-ref --format=%(refname)%00%(upstream:short)%00%(objectname)%00%(upstream:track)%00%(upstream:remotename)%00%(upstream:remoteref) refs/heads/master refs/remotes/master [2002ms]
2025-04-28 20:41:51.851 [warning] [Git][getBranch] No such branch: master
2025-04-28 20:41:51.852 [error] [GitHistoryProvider][resolveHEADMergeBase] Failed to resolve merge base for master: Error: No such branch: master.
2025-04-28 20:41:51.862 [info] > git config --get commit.template [13ms]
2025-04-28 20:41:51.870 [info] [Git][getRemotes] No remotes found in the git config file
2025-04-28 20:41:51.872 [info] > git for-each-ref --format=%(refname)%00%(upstream:short)%00%(objectname)%00%(upstream:track)%00%(upstream:remotename)%00%(upstream:remoteref) refs/heads/master refs/remotes/master [3ms]
2025-04-28 20:41:51.872 [warning] [Git][getBranch] No such branch: master
2025-04-28 20:41:51.896 [info] > git for-each-ref --sort -committerdate --format %(refname)%00%(objectname)%00%(*objectname) [2ms]
2025-04-28 20:41:55.650 [info] > git status -z -uall [3764ms] (cancelled)
