I[16:42:35.709] clangd version 19.1.7
I[16:42:35.710] Features: linux
I[16:42:35.710] PID: 2037
I[16:42:35.710] Working directory: /home/zokz/coding/c++/opengl
I[16:42:35.710] argv[0]: /usr/bin/clangd
I[16:42:35.710] Starting LSP over stdin/stdout
I[16:42:35.713] <-- initialize(0)
I[16:42:35.721] --> reply:initialize(0) 8 ms
I[16:42:35.727] <-- initialized
I[16:42:35.754] <-- textDocument/didOpen
I[16:42:35.759] --> textDocument/publishDiagnostics
I[16:42:35.759] Failed to find compilation database for /home/zokz/coding/c++/opengl/main.cpp
I[16:42:35.759] ASTWorker building file /home/zokz/coding/c++/opengl/main.cpp version 1 with command clangd fallback
[/home/zokz/coding/c++/opengl]
/usr/bin/clang -resource-dir=/usr/lib/clang/19 -- /home/zokz/coding/c++/opengl/main.cpp
I[16:42:35.780] --> textDocument/clangd.fileStatus
I[16:42:36.477] <-- textDocument/documentLink(1)
I[16:42:36.784] <-- textDocument/foldingRange(2)
I[16:42:36.787] <-- textDocument/codeAction(3)
I[16:42:36.790] --> reply:textDocument/foldingRange(2) 5 ms
I[16:42:36.797] <-- textDocument/documentSymbol(4)
I[16:42:36.929] <-- $/setTrace
I[16:42:36.929] unhandled notification $/setTrace
I[16:42:37.015] <-- textDocument/inlayHint(5)
I[16:42:37.017] <-- textDocument/semanticTokens/full(6)
I[16:42:37.091] <-- $/cancelRequest
I[16:42:37.091] <-- $/cancelRequest
I[16:42:37.091] <-- textDocument/codeAction(7)
I[16:42:37.175] <-- textDocument/documentLink(8)
I[16:42:37.645] <-- $/cancelRequest
I[16:42:37.646] <-- textDocument/inlayHint(9)
I[16:42:38.087] <-- textDocument/inlayHint(10)
I[16:42:38.680] <-- $/cancelRequest
I[16:42:38.688] <-- $/cancelRequest
I[16:42:38.688] <-- textDocument/inlayHint(11)
I[16:42:38.689] <-- $/cancelRequest
I[16:42:38.738] <-- textDocument/documentLink(12)
I[16:42:38.763] <-- textDocument/documentSymbol(13)
I[16:42:39.248] Built preamble of size 12721512 for file /home/zokz/coding/c++/opengl/main.cpp version 1 in 3.47 seconds
I[16:42:39.249] --> workspace/semanticTokens/refresh(0)
I[16:42:39.249] Indexing c++17 standard library in the context of /home/zokz/coding/c++/opengl/main.cpp
I[16:42:39.249] --> textDocument/clangd.fileStatus
I[16:42:39.265] <-- reply(0)
I[16:42:39.309] <-- $/cancelRequest
I[16:42:39.321] <-- textDocument/codeAction(14)
I[16:42:39.322] <-- $/cancelRequest
I[16:42:39.322] <-- textDocument/codeAction(15)
I[16:42:39.322] <-- $/cancelRequest
I[16:42:39.322] <-- $/cancelRequest
I[16:42:39.322] <-- textDocument/codeAction(16)
I[16:42:39.322] <-- $/cancelRequest
I[16:42:39.378] <-- textDocument/documentLink(17)
I[16:42:39.410] <-- textDocument/inlayHint(18)
I[16:42:39.609] <-- textDocument/documentSymbol(19)
I[16:42:39.649] --> textDocument/publishDiagnostics
I[16:42:39.649] --> textDocument/inactiveRegions
I[16:42:39.655] --> reply:textDocument/documentLink(1) 3178 ms, error: Task was cancelled.
I[16:42:39.656] --> reply:textDocument/codeAction(3) 2868 ms, error: Task was cancelled.
I[16:42:39.656] --> reply:textDocument/documentSymbol(4) 2859 ms, error: Task was cancelled.
I[16:42:39.656] --> reply:textDocument/inlayHint(5) 2640 ms, error: Task was cancelled.
I[16:42:39.659] --> reply:textDocument/semanticTokens/full(6) 2642 ms
I[16:42:39.660] --> reply:textDocument/codeAction(7) 2568 ms, error: Task was cancelled.
I[16:42:39.660] --> reply:textDocument/documentLink(8) 2485 ms, error: Task was cancelled.
[Error - 16:42:39] Request textDocument/documentLink failed.
[object Object]
I[16:42:39.668] --> reply:textDocument/inlayHint(9) 2022 ms
I[16:42:39.673] --> reply:textDocument/inlayHint(10) 1585 ms, error: Task was cancelled.
I[16:42:39.674] --> reply:textDocument/inlayHint(11) 986 ms
I[16:42:39.675] --> reply:textDocument/documentLink(12) 937 ms, error: Task was cancelled.
I[16:42:39.675] --> reply:textDocument/documentSymbol(13) 911 ms, error: Task was cancelled.
I[16:42:39.675] --> reply:textDocument/codeAction(14) 353 ms, error: Task was cancelled.
I[16:42:39.675] --> reply:textDocument/codeAction(15) 353 ms, error: Task was cancelled.
I[16:42:39.675] --> reply:textDocument/codeAction(16) 352 ms
I[16:42:39.675] --> reply:textDocument/documentLink(17) 296 ms
I[16:42:39.679] --> reply:textDocument/inlayHint(18) 268 ms
I[16:42:39.680] --> reply:textDocument/documentSymbol(19) 70 ms
I[16:42:39.680] --> textDocument/clangd.fileStatus
[Error - 16:42:39] Request textDocument/codeAction failed.
[object Object]
I[16:42:39.912] <-- $/setTrace
I[16:42:39.912] unhandled notification $/setTrace
[Error - 16:42:39] Request textDocument/documentSymbol failed.
[object Object]
[Error - 16:42:39] Request textDocument/inlayHint failed.
[object Object]
[Error - 16:42:39] Request textDocument/codeAction failed.
[object Object]
[Error - 16:42:39] Request textDocument/documentLink failed.
[object Object]
[Error - 16:42:39] Request textDocument/inlayHint failed.
[object Object]
[Error - 16:42:39] Request textDocument/documentLink failed.
[object Object]
[Error - 16:42:39] Request textDocument/documentSymbol failed.
[object Object]
[Error - 16:42:40] Request textDocument/codeAction failed.
[object Object]
[Error - 16:42:40] Request textDocument/codeAction failed.
[object Object]
I[16:42:40.292] <-- textDocument/foldingRange(20)
I[16:42:40.293] --> reply:textDocument/foldingRange(20) 1 ms
I[16:42:40.480] <-- textDocument/codeAction(21)
I[16:42:40.480] --> reply:textDocument/codeAction(21) 0 ms
I[16:42:40.480] --> textDocument/clangd.fileStatus
I[16:42:40.898] <-- $/setTrace
I[16:42:40.898] unhandled notification $/setTrace
I[16:42:41.092] <-- textDocument/documentLink(22)
I[16:42:41.092] --> reply:textDocument/documentLink(22) 0 ms
I[16:42:41.092] --> textDocument/clangd.fileStatus
I[16:42:41.136] <-- textDocument/inlayHint(23)
I[16:42:41.137] --> reply:textDocument/inlayHint(23) 1 ms
I[16:42:41.141] --> textDocument/clangd.fileStatus
I[16:42:41.197] <-- textDocument/documentSymbol(24)
I[16:42:41.199] --> reply:textDocument/documentSymbol(24) 1 ms
I[16:42:41.201] --> textDocument/clangd.fileStatus
I[16:42:42.612] <-- textDocument/semanticTokens/full/delta(25)
I[16:42:42.613] --> reply:textDocument/semanticTokens/full/delta(25) 0 ms
I[16:42:42.613] --> textDocument/clangd.fileStatus
I[16:42:43.591] <-- textDocument/inlayHint(26)
I[16:42:43.592] --> reply:textDocument/inlayHint(26) 1 ms
I[16:42:43.593] --> textDocument/clangd.fileStatus
I[16:42:46.326] Indexed c++17 standard library (incomplete due to errors): 14348 symbols, 10015 filtered
