2025-04-26 14:37:22.186 [info] [main] Log level: Info
2025-04-26 14:37:22.186 [info] [main] Validating found git in: "git"
2025-04-26 14:37:22.186 [info] [main] Using git "2.49.0" from "git"
2025-04-26 14:37:22.186 [info] [Model][doInitialScan] Initial repository scan started
2025-04-26 14:37:22.186 [info] > git rev-parse --show-toplevel [12ms]
2025-04-26 14:37:22.186 [info] > git rev-parse --git-dir --git-common-dir [10ms]
2025-04-26 14:37:22.186 [info] [Model][openRepository] Opened repository: /home/zokz
2025-04-26 14:37:22.238 [info] > git config --get commit.template [31ms]
2025-04-26 14:37:22.244 [info] > git rev-parse --show-toplevel [19ms]
2025-04-26 14:37:22.246 [info] [Model][doInitialScan] Initial repository scan completed - repositories (1), closed repositories (0), parent repositories (0), unsafe repositories (0)
2025-04-26 14:37:22.269 [info] [Git][getRemotes] No remotes found in the git config file
2025-04-26 14:37:22.296 [info] > git for-each-ref --format=%(refname)%00%(upstream:short)%00%(objectname)%00%(upstream:track)%00%(upstream:remotename)%00%(upstream:remoteref) refs/heads/master refs/remotes/master [31ms]
2025-04-26 14:37:22.296 [warning] [Git][getBranch] No such branch: master
2025-04-26 14:37:22.352 [info] > git rev-parse --show-toplevel [63ms]
2025-04-26 14:37:22.354 [info] > git for-each-ref --sort -committerdate --format %(refname)%00%(objectname)%00%(*objectname) [8ms]
2025-04-26 14:37:22.866 [info] > git show --textconv :coding/c++/opengl/main.cpp [29ms]
2025-04-26 14:37:22.891 [info] > git ls-files --stage -- coding/c++/opengl/main.cpp [30ms]
2025-04-26 14:37:22.914 [info] > git hash-object -t tree /dev/null [24ms]
2025-04-26 14:37:22.917 [warning] [GitFileSystemProvider][readFile] File not found - git:/home/zokz/coding/c%2B%2B/opengl/main.cpp.git?%7B%22path%22%3A%22%2Fhome%2Fzokz%2Fcoding%2Fc%2B%2B%2Fopengl%2Fmain.cpp%22%2C%22ref%22%3A%22%22%7D
2025-04-26 14:37:22.924 [info] > git hash-object -t tree /dev/null [17ms]
2025-04-26 14:37:22.925 [warning] [GitFileSystemProvider][stat] File not found - git:/home/zokz/coding/c%2B%2B/opengl/main.cpp.git?%7B%22path%22%3A%22%2Fhome%2Fzokz%2Fcoding%2Fc%2B%2B%2Fopengl%2Fmain.cpp%22%2C%22ref%22%3A%22%22%7D
2025-04-26 14:37:23.160 [info] > git check-ignore -v -z --stdin [9ms]
2025-04-26 14:37:27.847 [info] > git status -z -uall [5530ms] (cancelled)
2025-04-26 14:37:27.847 [info] > git for-each-ref --format=%(refname)%00%(upstream:short)%00%(objectname)%00%(upstream:track)%00%(upstream:remotename)%00%(upstream:remoteref) refs/heads/master refs/remotes/master [2066ms]
2025-04-26 14:37:27.847 [warning] [Git][getBranch] No such branch: master
2025-04-26 14:37:27.850 [error] [GitHistoryProvider][resolveHEADMergeBase] Failed to resolve merge base for master: Error: No such branch: master.
2025-04-26 14:37:27.895 [info] > git config --get commit.template [47ms]
2025-04-26 14:37:27.916 [info] [Git][getRemotes] No remotes found in the git config file
2025-04-26 14:37:27.932 [info] > git for-each-ref --format=%(refname)%00%(upstream:short)%00%(objectname)%00%(upstream:track)%00%(upstream:remotename)%00%(upstream:remoteref) refs/heads/master refs/remotes/master [16ms]
2025-04-26 14:37:27.933 [warning] [Git][getBranch] No such branch: master
2025-04-26 14:37:27.974 [info] > git for-each-ref --sort -committerdate --format %(refname)%00%(objectname)%00%(*objectname) [5ms]
2025-04-26 14:37:28.283 [info] > git show --textconv :coding/c++/opengl/compile.log [31ms]
2025-04-26 14:37:28.285 [warning] [GitFileSystemProvider][readFile] File not found - git:/home/zokz/coding/c%2B%2B/opengl/compile.log.git?%7B%22path%22%3A%22%2Fhome%2Fzokz%2Fcoding%2Fc%2B%2B%2Fopengl%2Fcompile.log%22%2C%22ref%22%3A%22%22%7D
2025-04-26 14:37:28.287 [info] > git ls-files --stage -- coding/c++/opengl/compile.log [12ms]
2025-04-26 14:37:28.288 [warning] [GitFileSystemProvider][stat] File not found - git:/home/zokz/coding/c%2B%2B/opengl/compile.log.git?%7B%22path%22%3A%22%2Fhome%2Fzokz%2Fcoding%2Fc%2B%2B%2Fopengl%2Fcompile.log%22%2C%22ref%22%3A%22%22%7D
2025-04-26 14:37:28.933 [info] > git show --textconv :coding/c++/opengl/logs.txt [12ms]
2025-04-26 14:37:28.935 [warning] [GitFileSystemProvider][readFile] File not found - git:/home/zokz/coding/c%2B%2B/opengl/logs.txt.git?%7B%22path%22%3A%22%2Fhome%2Fzokz%2Fcoding%2Fc%2B%2B%2Fopengl%2Flogs.txt%22%2C%22ref%22%3A%22%22%7D
2025-04-26 14:37:28.936 [info] > git ls-files --stage -- coding/c++/opengl/logs.txt [4ms]
2025-04-26 14:37:28.937 [warning] [GitFileSystemProvider][stat] File not found - git:/home/zokz/coding/c%2B%2B/opengl/logs.txt.git?%7B%22path%22%3A%22%2Fhome%2Fzokz%2Fcoding%2Fc%2B%2B%2Fopengl%2Flogs.txt%22%2C%22ref%22%3A%22%22%7D
2025-04-26 14:37:31.945 [info] > git status -z -uall [4001ms] (cancelled)
2025-04-26 14:37:38.404 [info] > git show --textconv :coding/c++/opengl/main.cpp [27ms]
2025-04-26 14:37:38.406 [warning] [GitFileSystemProvider][readFile] File not found - git:/home/zokz/coding/c%2B%2B/opengl/main.cpp.git?%7B%22path%22%3A%22%2Fhome%2Fzokz%2Fcoding%2Fc%2B%2B%2Fopengl%2Fmain.cpp%22%2C%22ref%22%3A%22%22%7D
2025-04-26 14:37:38.408 [info] > git ls-files --stage -- coding/c++/opengl/main.cpp [5ms]
2025-04-26 14:37:38.410 [warning] [GitFileSystemProvider][stat] File not found - git:/home/zokz/coding/c%2B%2B/opengl/main.cpp.git?%7B%22path%22%3A%22%2Fhome%2Fzokz%2Fcoding%2Fc%2B%2B%2Fopengl%2Fmain.cpp%22%2C%22ref%22%3A%22%22%7D
2025-04-26 14:37:40.563 [info] > git show --textconv :coding/c++/opengl/opengl [15ms]
2025-04-26 14:37:40.563 [warning] [GitFileSystemProvider][readFile] File not found - git:/home/zokz/coding/c%2B%2B/opengl/opengl.git?%7B%22path%22%3A%22%2Fhome%2Fzokz%2Fcoding%2Fc%2B%2B%2Fopengl%2Fopengl%22%2C%22ref%22%3A%22%22%7D
2025-04-26 14:37:40.568 [info] > git ls-files --stage -- coding/c++/opengl/opengl [6ms]
2025-04-26 14:37:40.568 [warning] [GitFileSystemProvider][stat] File not found - git:/home/zokz/coding/c%2B%2B/opengl/opengl.git?%7B%22path%22%3A%22%2Fhome%2Fzokz%2Fcoding%2Fc%2B%2B%2Fopengl%2Fopengl%22%2C%22ref%22%3A%22%22%7D
2025-04-26 14:38:07.394 [info] > git show --textconv :coding/c++/opengl/main.cpp [22ms]
2025-04-26 14:38:07.397 [warning] [GitFileSystemProvider][readFile] File not found - git:/home/zokz/coding/c%2B%2B/opengl/main.cpp.git?%7B%22path%22%3A%22%2Fhome%2Fzokz%2Fcoding%2Fc%2B%2B%2Fopengl%2Fmain.cpp%22%2C%22ref%22%3A%22%22%7D
2025-04-26 14:38:07.400 [info] > git ls-files --stage -- coding/c++/opengl/main.cpp [7ms]
2025-04-26 14:38:07.401 [warning] [GitFileSystemProvider][stat] File not found - git:/home/zokz/coding/c%2B%2B/opengl/main.cpp.git?%7B%22path%22%3A%22%2Fhome%2Fzokz%2Fcoding%2Fc%2B%2B%2Fopengl%2Fmain.cpp%22%2C%22ref%22%3A%22%22%7D
2025-04-26 14:38:08.010 [info] > git show --textconv :coding/c++/opengl/opengl [12ms]
2025-04-26 14:38:08.011 [warning] [GitFileSystemProvider][readFile] File not found - git:/home/zokz/coding/c%2B%2B/opengl/opengl.git?%7B%22path%22%3A%22%2Fhome%2Fzokz%2Fcoding%2Fc%2B%2B%2Fopengl%2Fopengl%22%2C%22ref%22%3A%22%22%7D
2025-04-26 14:38:08.012 [info] > git ls-files --stage -- coding/c++/opengl/opengl [3ms]
2025-04-26 14:38:08.013 [warning] [GitFileSystemProvider][stat] File not found - git:/home/zokz/coding/c%2B%2B/opengl/opengl.git?%7B%22path%22%3A%22%2Fhome%2Fzokz%2Fcoding%2Fc%2B%2B%2Fopengl%2Fopengl%22%2C%22ref%22%3A%22%22%7D
2025-04-26 14:38:08.796 [info] > git show --textconv :coding/c++/opengl/main.cpp [18ms]
2025-04-26 14:38:08.796 [warning] [GitFileSystemProvider][readFile] File not found - git:/home/zokz/coding/c%2B%2B/opengl/main.cpp.git?%7B%22path%22%3A%22%2Fhome%2Fzokz%2Fcoding%2Fc%2B%2B%2Fopengl%2Fmain.cpp%22%2C%22ref%22%3A%22%22%7D
2025-04-26 14:38:08.798 [info] > git ls-files --stage -- coding/c++/opengl/main.cpp [4ms]
2025-04-26 14:38:08.798 [warning] [GitFileSystemProvider][stat] File not found - git:/home/zokz/coding/c%2B%2B/opengl/main.cpp.git?%7B%22path%22%3A%22%2Fhome%2Fzokz%2Fcoding%2Fc%2B%2B%2Fopengl%2Fmain.cpp%22%2C%22ref%22%3A%22%22%7D
2025-04-26 14:38:10.189 [info] > git show --textconv :coding/c++/opengl/opengl [11ms]
2025-04-26 14:38:10.190 [warning] [GitFileSystemProvider][readFile] File not found - git:/home/zokz/coding/c%2B%2B/opengl/opengl.git?%7B%22path%22%3A%22%2Fhome%2Fzokz%2Fcoding%2Fc%2B%2B%2Fopengl%2Fopengl%22%2C%22ref%22%3A%22%22%7D
2025-04-26 14:38:10.191 [info] > git ls-files --stage -- coding/c++/opengl/opengl [3ms]
2025-04-26 14:38:10.192 [warning] [GitFileSystemProvider][stat] File not found - git:/home/zokz/coding/c%2B%2B/opengl/opengl.git?%7B%22path%22%3A%22%2Fhome%2Fzokz%2Fcoding%2Fc%2B%2B%2Fopengl%2Fopengl%22%2C%22ref%22%3A%22%22%7D
2025-04-26 14:38:10.988 [info] > git show --textconv :coding/c++/opengl/main.cpp [14ms]
2025-04-26 14:38:10.991 [warning] [GitFileSystemProvider][readFile] File not found - git:/home/zokz/coding/c%2B%2B/opengl/main.cpp.git?%7B%22path%22%3A%22%2Fhome%2Fzokz%2Fcoding%2Fc%2B%2B%2Fopengl%2Fmain.cpp%22%2C%22ref%22%3A%22%22%7D
2025-04-26 14:38:10.992 [info] > git ls-files --stage -- coding/c++/opengl/main.cpp [5ms]
2025-04-26 14:38:10.993 [warning] [GitFileSystemProvider][stat] File not found - git:/home/zokz/coding/c%2B%2B/opengl/main.cpp.git?%7B%22path%22%3A%22%2Fhome%2Fzokz%2Fcoding%2Fc%2B%2B%2Fopengl%2Fmain.cpp%22%2C%22ref%22%3A%22%22%7D
2025-04-26 14:38:12.544 [info] > git show --textconv :coding/c++/opengl/opengl [18ms]
2025-04-26 14:38:12.544 [info] > git ls-files --stage -- coding/c++/opengl/opengl [2ms]
2025-04-26 14:38:12.547 [warning] [GitFileSystemProvider][stat] File not found - git:/home/zokz/coding/c%2B%2B/opengl/opengl.git?%7B%22path%22%3A%22%2Fhome%2Fzokz%2Fcoding%2Fc%2B%2B%2Fopengl%2Fopengl%22%2C%22ref%22%3A%22%22%7D
2025-04-26 14:38:12.548 [warning] [GitFileSystemProvider][readFile] File not found - git:/home/zokz/coding/c%2B%2B/opengl/opengl.git?%7B%22path%22%3A%22%2Fhome%2Fzokz%2Fcoding%2Fc%2B%2B%2Fopengl%2Fopengl%22%2C%22ref%22%3A%22%22%7D
2025-04-26 14:38:20.936 [info] > git show --textconv :coding/c++/opengl/main.cpp [42ms]
2025-04-26 14:38:20.939 [warning] [GitFileSystemProvider][readFile] File not found - git:/home/zokz/coding/c%2B%2B/opengl/main.cpp.git?%7B%22path%22%3A%22%2Fhome%2Fzokz%2Fcoding%2Fc%2B%2B%2Fopengl%2Fmain.cpp%22%2C%22ref%22%3A%22%22%7D
2025-04-26 14:38:20.946 [info] > git ls-files --stage -- coding/c++/opengl/main.cpp [15ms]
2025-04-26 14:38:20.947 [warning] [GitFileSystemProvider][stat] File not found - git:/home/zokz/coding/c%2B%2B/opengl/main.cpp.git?%7B%22path%22%3A%22%2Fhome%2Fzokz%2Fcoding%2Fc%2B%2B%2Fopengl%2Fmain.cpp%22%2C%22ref%22%3A%22%22%7D
2025-04-26 14:38:22.411 [info] > git show --textconv :coding/c++/opengl/opengl [23ms]
2025-04-26 14:38:22.413 [warning] [GitFileSystemProvider][readFile] File not found - git:/home/zokz/coding/c%2B%2B/opengl/opengl.git?%7B%22path%22%3A%22%2Fhome%2Fzokz%2Fcoding%2Fc%2B%2B%2Fopengl%2Fopengl%22%2C%22ref%22%3A%22%22%7D
2025-04-26 14:38:22.416 [info] > git ls-files --stage -- coding/c++/opengl/opengl [6ms]
2025-04-26 14:38:22.418 [warning] [GitFileSystemProvider][stat] File not found - git:/home/zokz/coding/c%2B%2B/opengl/opengl.git?%7B%22path%22%3A%22%2Fhome%2Fzokz%2Fcoding%2Fc%2B%2B%2Fopengl%2Fopengl%22%2C%22ref%22%3A%22%22%7D
2025-04-26 14:38:23.588 [info] > git show --textconv :coding/c++/opengl/main.cpp [43ms]
2025-04-26 14:38:23.591 [warning] [GitFileSystemProvider][readFile] File not found - git:/home/zokz/coding/c%2B%2B/opengl/main.cpp.git?%7B%22path%22%3A%22%2Fhome%2Fzokz%2Fcoding%2Fc%2B%2B%2Fopengl%2Fmain.cpp%22%2C%22ref%22%3A%22%22%7D
2025-04-26 14:38:23.602 [info] > git ls-files --stage -- coding/c++/opengl/main.cpp [20ms]
2025-04-26 14:38:23.605 [warning] [GitFileSystemProvider][stat] File not found - git:/home/zokz/coding/c%2B%2B/opengl/main.cpp.git?%7B%22path%22%3A%22%2Fhome%2Fzokz%2Fcoding%2Fc%2B%2B%2Fopengl%2Fmain.cpp%22%2C%22ref%22%3A%22%22%7D
