2025-04-26 14:20:38.544 [info] [main] Log level: Info
2025-04-26 14:20:38.544 [info] [main] Validating found git in: "git"
2025-04-26 14:20:38.544 [info] [main] Using git "2.49.0" from "git"
2025-04-26 14:20:38.544 [info] [Model][doInitialScan] Initial repository scan started
2025-04-26 14:20:38.544 [info] [Model][doInitialScan] Initial repository scan completed - repositories (0), closed repositories (0), parent repositories (0), unsafe repositories (0)
2025-04-26 14:21:05.550 [info] > git rev-parse --show-toplevel [4ms]
2025-04-26 14:22:05.528 [info] [main] Log level: Info
2025-04-26 14:22:05.528 [info] [main] Validating found git in: "git"
2025-04-26 14:22:05.528 [info] [main] Using git "2.49.0" from "git"
2025-04-26 14:22:05.528 [info] [Model][doInitialScan] Initial repository scan started
2025-04-26 14:22:05.528 [info] > git rev-parse --show-toplevel [14ms]
2025-04-26 14:22:05.545 [info] > git rev-parse --show-toplevel [4ms]
2025-04-26 14:22:05.548 [info] [Model][doInitialScan] Initial repository scan completed - repositories (0), closed repositories (0), parent repositories (1), unsafe repositories (0)
2025-04-26 14:22:11.933 [info] > git rev-parse --show-toplevel [5ms]
2025-04-26 14:22:11.947 [info] > git rev-parse --git-dir --git-common-dir [3ms]
2025-04-26 14:22:11.976 [info] [Model][openRepository] Opened repository: /home/zokz
2025-04-26 14:22:12.005 [info] [Git][getRemotes] No remotes found in the git config file
2025-04-26 14:22:12.023 [info] > git config --get commit.template [25ms]
2025-04-26 14:22:12.025 [info] > git for-each-ref --format=%(refname)%00%(upstream:short)%00%(objectname)%00%(upstream:track)%00%(upstream:remotename)%00%(upstream:remoteref) refs/heads/master refs/remotes/master [5ms]
2025-04-26 14:22:12.025 [warning] [Git][getBranch] No such branch: master
2025-04-26 14:22:12.083 [info] > git for-each-ref --sort -committerdate --format %(refname)%00%(objectname)%00%(*objectname) [18ms]
2025-04-26 14:22:12.339 [info] > git show --textconv :coding/c++/opengl/main.cpp [21ms]
2025-04-26 14:22:12.373 [info] > git ls-files --stage -- coding/c++/opengl/main.cpp [36ms]
2025-04-26 14:22:12.395 [info] > git hash-object -t tree /dev/null [24ms]
2025-04-26 14:22:12.396 [warning] [GitFileSystemProvider][readFile] File not found - git:/home/zokz/coding/c%2B%2B/opengl/main.cpp.git?%7B%22path%22%3A%22%2Fhome%2Fzokz%2Fcoding%2Fc%2B%2B%2Fopengl%2Fmain.cpp%22%2C%22ref%22%3A%22%22%7D
2025-04-26 14:22:12.403 [info] > git hash-object -t tree /dev/null [12ms]
2025-04-26 14:22:12.404 [warning] [GitFileSystemProvider][stat] File not found - git:/home/zokz/coding/c%2B%2B/opengl/main.cpp.git?%7B%22path%22%3A%22%2Fhome%2Fzokz%2Fcoding%2Fc%2B%2B%2Fopengl%2Fmain.cpp%22%2C%22ref%22%3A%22%22%7D
2025-04-26 14:22:12.598 [info] > git check-ignore -v -z --stdin [6ms]
2025-04-26 14:22:19.802 [info] > git status -z -uall [7756ms] (cancelled)
2025-04-26 14:22:19.802 [info] > git for-each-ref --format=%(refname)%00%(upstream:short)%00%(objectname)%00%(upstream:track)%00%(upstream:remotename)%00%(upstream:remoteref) refs/heads/master refs/remotes/master [2234ms]
2025-04-26 14:22:19.802 [warning] [Git][getBranch] No such branch: master
2025-04-26 14:22:19.803 [error] [GitHistoryProvider][resolveHEADMergeBase] Failed to resolve merge base for master: Error: No such branch: master.
2025-04-26 14:22:19.812 [info] > git config --get commit.template [11ms]
2025-04-26 14:22:19.824 [info] [Git][getRemotes] No remotes found in the git config file
2025-04-26 14:22:19.825 [info] > git for-each-ref --format=%(refname)%00%(upstream:short)%00%(objectname)%00%(upstream:track)%00%(upstream:remotename)%00%(upstream:remoteref) refs/heads/master refs/remotes/master [1ms]
2025-04-26 14:22:19.825 [warning] [Git][getBranch] No such branch: master
2025-04-26 14:22:19.859 [info] > git for-each-ref --sort -committerdate --format %(refname)%00%(objectname)%00%(*objectname) [3ms]
2025-04-26 14:22:23.410 [info] > git status -z -uall [3575ms] (cancelled)
