2025-05-01 16:42:37.284 [info] [main] Log level: Info
2025-05-01 16:42:37.285 [info] [main] Validating found git in: "git"
2025-05-01 16:42:37.285 [info] [main] Using git "2.49.0" from "git"
2025-05-01 16:42:37.285 [info] [Model][doInitialScan] Initial repository scan started
2025-05-01 16:42:37.285 [info] > git rev-parse --show-toplevel [43ms]
2025-05-01 16:42:37.285 [info] > git rev-parse --git-dir --git-common-dir [87ms]
2025-05-01 16:42:37.285 [info] [Model][openRepository] Opened repository: /home/zokz
2025-05-01 16:42:37.285 [info] > git rev-parse --show-toplevel [12ms]
2025-05-01 16:42:37.285 [info] [Model][doInitialScan] Initial repository scan completed - repositories (1), closed repositories (0), parent repositories (0), unsafe repositories (0)
2025-05-01 16:42:37.285 [info] > git config --get commit.template [29ms]
2025-05-01 16:42:37.295 [info] [Git][getRemotes] No remotes found in the git config file
2025-05-01 16:42:37.307 [info] > git for-each-ref --format=%(refname)%00%(upstream:short)%00%(objectname)%00%(upstream:track)%00%(upstream:remotename)%00%(upstream:remoteref) refs/heads/master refs/remotes/master [14ms]
2025-05-01 16:42:37.307 [warning] [Git][getBranch] No such branch: master
2025-05-01 16:42:37.378 [info] > git for-each-ref --sort -committerdate --format %(refname)%00%(objectname)%00%(*objectname) [6ms]
2025-05-01 16:42:37.998 [info] > git show --textconv :coding/c++/opengl/main.cpp [25ms]
2025-05-01 16:42:38.020 [info] > git ls-files --stage -- coding/c++/opengl/main.cpp [23ms]
2025-05-01 16:42:38.052 [info] > git hash-object -t tree /dev/null [10ms]
2025-05-01 16:42:38.052 [warning] [GitFileSystemProvider][stat] File not found - git:/home/zokz/coding/c%2B%2B/opengl/main.cpp.git?%7B%22path%22%3A%22%2Fhome%2Fzokz%2Fcoding%2Fc%2B%2B%2Fopengl%2Fmain.cpp%22%2C%22ref%22%3A%22%22%7D
2025-05-01 16:42:38.056 [info] > git hash-object -t tree /dev/null [43ms]
2025-05-01 16:42:38.056 [warning] [GitFileSystemProvider][readFile] File not found - git:/home/zokz/coding/c%2B%2B/opengl/main.cpp.git?%7B%22path%22%3A%22%2Fhome%2Fzokz%2Fcoding%2Fc%2B%2B%2Fopengl%2Fmain.cpp%22%2C%22ref%22%3A%22%22%7D
2025-05-01 16:42:38.161 [info] > git check-ignore -v -z --stdin [5ms]
2025-05-01 16:42:48.819 [info] > git status -z -uall [11481ms] (cancelled)
2025-05-01 16:42:48.819 [info] > git for-each-ref --format=%(refname)%00%(upstream:short)%00%(objectname)%00%(upstream:track)%00%(upstream:remotename)%00%(upstream:remoteref) refs/heads/master refs/remotes/master [2176ms]
2025-05-01 16:42:48.819 [warning] [Git][getBranch] No such branch: master
2025-05-01 16:42:48.821 [error] [GitHistoryProvider][resolveHEADMergeBase] Failed to resolve merge base for master: Error: No such branch: master.
2025-05-01 16:42:48.838 [info] > git config --get commit.template [20ms]
2025-05-01 16:42:48.862 [info] [Git][getRemotes] No remotes found in the git config file
2025-05-01 16:42:48.868 [info] > git for-each-ref --format=%(refname)%00%(upstream:short)%00%(objectname)%00%(upstream:track)%00%(upstream:remotename)%00%(upstream:remoteref) refs/heads/master refs/remotes/master [6ms]
2025-05-01 16:42:48.868 [warning] [Git][getBranch] No such branch: master
2025-05-01 16:42:48.917 [info] > git for-each-ref --sort -committerdate --format %(refname)%00%(objectname)%00%(*objectname) [5ms]
2025-05-01 16:42:50.811 [info] > git status -z -uall [1918ms] (cancelled)
