2025-04-30 22:38:33.569 [info] Extension host with pid 1639 started
2025-04-30 22:38:33.569 [info] Skipping acquiring lock for /home/zokz/.config/Code - OSS/User/workspaceStorage/9690be6b8ea95244f988613ae599c10b.
2025-04-30 22:38:34.140 [info] ExtensionService#_doActivateExtension vscode.emmet, startup: false, activationEvent: 'onLanguage'
2025-04-30 22:38:34.204 [info] ExtensionService#_doActivateExtension llvm-vs-code-extensions.vscode-clangd, startup: false, activationEvent: 'onLanguage:cpp'
2025-04-30 22:38:35.247 [info] ExtensionService#_doActivateExtension vscode.git-base, startup: true, activationEvent: '*', root cause: vscode.git
2025-04-30 22:38:35.358 [info] ExtensionService#_doActivateExtension vscode.git, startup: true, activationEvent: '*'
2025-04-30 22:38:35.496 [info] ExtensionService#_doActivateExtension vscode.github, startup: true, activationEvent: '*'
2025-04-30 22:38:35.891 [info] Eager extensions activated
2025-04-30 22:38:36.039 [info] ExtensionService#_doActivateExtension vscode.debug-auto-launch, startup: false, activationEvent: 'onStartupFinished'
2025-04-30 22:38:36.051 [info] ExtensionService#_doActivateExtension vscode.merge-conflict, startup: false, activationEvent: 'onStartupFinished'
2025-04-30 22:38:36.695 [info] ExtensionService#_doActivateExtension vscode.configuration-editing, startup: false, activationEvent: 'onLanguage:jsonc'
2025-04-30 22:38:36.734 [info] ExtensionService#_doActivateExtension vscode.json-language-features, startup: false, activationEvent: 'onLanguage:jsonc'
2025-04-30 22:38:36.993 [info] ExtensionService#_doActivateExtension vscode.typescript-language-features, startup: false, activationEvent: 'onLanguage:jsonc'
2025-04-30 22:38:40.194 [error] [llvm-vs-code-extensions.vscode-clangd] provider FAILED
2025-04-30 22:38:40.194 [error] {"a":true,"b":null}
2025-04-30 22:38:40.196 [error] [llvm-vs-code-extensions.vscode-clangd] provider FAILED
2025-04-30 22:38:40.196 [error] {"a":true,"b":null}
2025-04-30 22:38:40.196 [error] [llvm-vs-code-extensions.vscode-clangd] provider FAILED
2025-04-30 22:38:40.196 [error] {"a":true,"b":null}
2025-04-30 22:38:40.197 [error] [llvm-vs-code-extensions.vscode-clangd] provider FAILED
2025-04-30 22:38:40.198 [error] {"a":true,"b":null}
2025-04-30 22:38:40.201 [error] [llvm-vs-code-extensions.vscode-clangd] provider FAILED
2025-04-30 22:38:40.202 [error] {"a":true,"b":null}
2025-04-30 22:38:40.202 [error] [llvm-vs-code-extensions.vscode-clangd] provider FAILED
2025-04-30 22:38:40.202 [error] {"a":true,"b":null}
2025-04-30 22:38:40.203 [error] [llvm-vs-code-extensions.vscode-clangd] provider FAILED
2025-04-30 22:38:40.203 [error] {"a":true,"b":null}
2025-04-30 22:38:40.203 [error] [llvm-vs-code-extensions.vscode-clangd] provider FAILED
2025-04-30 22:38:40.203 [error] {"a":true,"b":null}
2025-04-30 22:38:40.203 [error] [llvm-vs-code-extensions.vscode-clangd] provider FAILED
2025-04-30 22:38:40.203 [error] {"a":true,"b":null}
2025-04-30 22:38:40.204 [error] [llvm-vs-code-extensions.vscode-clangd] provider FAILED
2025-04-30 22:38:40.204 [error] {"a":true,"b":null}
2025-04-30 22:38:40.204 [error] [llvm-vs-code-extensions.vscode-clangd] provider FAILED
2025-04-30 22:38:40.204 [error] {"a":true,"b":null}
2025-04-30 22:38:40.205 [error] [llvm-vs-code-extensions.vscode-clangd] provider FAILED
2025-04-30 22:38:40.205 [error] {"a":true,"b":null}
2025-04-30 22:38:40.208 [error] [llvm-vs-code-extensions.vscode-clangd] provider FAILED
2025-04-30 22:38:40.208 [error] {"a":true,"b":null}
2025-04-30 22:38:46.337 [warning] [Decorations] CAPPING events from decorations provider vscode.git 10007
2025-04-30 22:38:52.599 [warning] [Decorations] CAPPING events from decorations provider vscode.git 10007
2025-04-30 22:43:36.314 [error] [llvm-vs-code-extensions.vscode-clangd] provider FAILED
2025-04-30 22:43:36.314 [error] {"a":true,"b":null}
2025-04-30 22:44:55.958 [error] [llvm-vs-code-extensions.vscode-clangd] provider FAILED
2025-04-30 22:44:55.965 [error] {"a":true,"b":null}
2025-04-30 22:46:39.825 [error] [llvm-vs-code-extensions.vscode-clangd] provider FAILED
2025-04-30 22:46:39.825 [error] {"a":true,"b":null}
2025-04-30 22:46:39.983 [error] [llvm-vs-code-extensions.vscode-clangd] provider FAILED
2025-04-30 22:46:39.983 [error] {"a":true,"b":null}
2025-04-30 22:46:40.135 [error] [llvm-vs-code-extensions.vscode-clangd] provider FAILED
2025-04-30 22:46:40.135 [error] {"a":true,"b":null}
2025-04-30 22:46:42.339 [error] [llvm-vs-code-extensions.vscode-clangd] provider FAILED
2025-04-30 22:46:42.339 [error] {"a":true,"b":null}
2025-04-30 22:46:43.678 [error] [llvm-vs-code-extensions.vscode-clangd] provider FAILED
2025-04-30 22:46:43.678 [error] {"a":true,"b":null}
2025-04-30 22:49:20.672 [error] [llvm-vs-code-extensions.vscode-clangd] provider FAILED
2025-04-30 22:49:20.672 [error] {"a":true,"b":null}
2025-04-30 22:51:24.244 [error] [llvm-vs-code-extensions.vscode-clangd] provider FAILED
2025-04-30 22:51:24.244 [error] {"a":true,"b":null}
2025-04-30 22:56:21.720 [error] [llvm-vs-code-extensions.vscode-clangd] provider FAILED
2025-04-30 22:56:21.720 [error] {"a":true,"b":null}
2025-04-30 22:56:21.849 [error] [llvm-vs-code-extensions.vscode-clangd] provider FAILED
2025-04-30 22:56:21.849 [error] {"a":true,"b":null}
2025-04-30 22:56:22.250 [error] [llvm-vs-code-extensions.vscode-clangd] provider FAILED
2025-04-30 22:56:22.250 [error] {"a":true,"b":null}
2025-04-30 22:56:22.391 [error] [llvm-vs-code-extensions.vscode-clangd] provider FAILED
2025-04-30 22:56:22.391 [error] {"a":true,"b":null}
2025-04-30 22:56:22.533 [error] [llvm-vs-code-extensions.vscode-clangd] provider FAILED
2025-04-30 22:56:22.533 [error] {"a":true,"b":null}
2025-04-30 22:56:37.038 [error] [llvm-vs-code-extensions.vscode-clangd] provider FAILED
2025-04-30 22:56:37.038 [error] {"a":true,"b":null}
2025-04-30 22:56:37.180 [error] [llvm-vs-code-extensions.vscode-clangd] provider FAILED
2025-04-30 22:56:37.180 [error] {"a":true,"b":null}
2025-04-30 22:56:37.304 [error] [llvm-vs-code-extensions.vscode-clangd] provider FAILED
2025-04-30 22:56:37.304 [error] {"a":true,"b":null}
2025-04-30 22:56:37.744 [error] [llvm-vs-code-extensions.vscode-clangd] provider FAILED
2025-04-30 22:56:37.744 [error] {"a":true,"b":null}
2025-04-30 22:56:38.588 [error] [llvm-vs-code-extensions.vscode-clangd] provider FAILED
2025-04-30 22:56:38.588 [error] {"a":true,"b":null}
2025-04-30 22:56:58.632 [error] [llvm-vs-code-extensions.vscode-clangd] provider FAILED
2025-04-30 22:56:58.632 [error] {"a":true,"b":null}
2025-04-30 22:56:59.380 [error] [llvm-vs-code-extensions.vscode-clangd] provider FAILED
2025-04-30 22:56:59.380 [error] {"a":true,"b":null}
2025-04-30 22:57:46.890 [error] [llvm-vs-code-extensions.vscode-clangd] provider FAILED
2025-04-30 22:57:46.890 [error] {"a":true,"b":null}
2025-04-30 22:59:55.471 [error] [llvm-vs-code-extensions.vscode-clangd] provider FAILED
2025-04-30 22:59:55.471 [error] {"a":true,"b":null}
2025-04-30 22:59:55.673 [error] [llvm-vs-code-extensions.vscode-clangd] provider FAILED
2025-04-30 22:59:55.673 [error] {"a":true,"b":null}
2025-04-30 22:59:55.828 [error] [llvm-vs-code-extensions.vscode-clangd] provider FAILED
2025-04-30 22:59:55.828 [error] {"a":true,"b":null}
2025-04-30 22:59:55.980 [error] [llvm-vs-code-extensions.vscode-clangd] provider FAILED
2025-04-30 22:59:55.980 [error] {"a":true,"b":null}
2025-04-30 22:59:56.139 [error] [llvm-vs-code-extensions.vscode-clangd] provider FAILED
2025-04-30 22:59:56.139 [error] {"a":true,"b":null}
2025-04-30 22:59:56.139 [error] [llvm-vs-code-extensions.vscode-clangd] provider FAILED
2025-04-30 22:59:56.139 [error] {"a":true,"b":null}
2025-04-30 23:12:11.773 [info] Extension host terminating: renderer closed the MessagePort
2025-04-30 23:12:11.820 [error] Canceled: Canceled
	at new HR (file:///usr/lib/code/out/vs/workbench/api/node/extensionHostProcess.js:29:111362)
	at i4.U (file:///usr/lib/code/out/vs/workbench/api/node/extensionHostProcess.js:29:115973)
	at s.<computed>.n.charCodeAt.s.<computed> (file:///usr/lib/code/out/vs/workbench/api/node/extensionHostProcess.js:29:113467)
	at vw.g (file:///usr/lib/code/out/vs/workbench/api/node/extensionHostProcess.js:111:40983)
	at vw.executeCommand (file:///usr/lib/code/out/vs/workbench/api/node/extensionHostProcess.js:111:40487)
	at r.registerCommand.description (file:///usr/lib/code/out/vs/workbench/api/node/extensionHostProcess.js:111:39817)
	at vw.h (file:///usr/lib/code/out/vs/workbench/api/node/extensionHostProcess.js:111:41503)
	at vw.g (file:///usr/lib/code/out/vs/workbench/api/node/extensionHostProcess.js:111:40580)
	at vw.executeCommand (file:///usr/lib/code/out/vs/workbench/api/node/extensionHostProcess.js:111:40487)
	at Object.executeCommand (file:///usr/lib/code/out/vs/workbench/api/node/extensionHostProcess.js:173:30346)
	at Ah.L [as value] (/usr/lib/code/extensions/git/dist/main.js:2:511809)
	at D.B (file:///usr/lib/code/out/vs/workbench/api/node/extensionHostProcess.js:27:2375)
	at D.C (file:///usr/lib/code/out/vs/workbench/api/node/extensionHostProcess.js:27:2445)
	at D.fire (file:///usr/lib/code/out/vs/workbench/api/node/extensionHostProcess.js:27:2662)
	at Object.g [as dispose] (/usr/lib/code/extensions/git/dist/main.js:2:534449)
	at /usr/lib/code/extensions/git/dist/main.js:2:540767
	at Array.forEach (<anonymous>)
	at b.dispose (/usr/lib/code/extensions/git/dist/main.js:2:540753)
	at iv.<anonymous> (file:///usr/lib/code/out/vs/workbench/api/node/extensionHostProcess.js:107:8922)
	at iv.dispose (file:///usr/lib/code/out/vs/workbench/api/node/extensionHostProcess.js:107:9018)
	at iv.<anonymous> (/usr/lib/code/extensions/git/dist/main.js:2:514293)
	at iv.dispose (file:///usr/lib/code/out/vs/workbench/api/node/extensionHostProcess.js:107:9018)
	at pi (file:///usr/lib/code/out/vs/workbench/api/node/extensionHostProcess.js:25:701)
	at file:///usr/lib/code/out/vs/workbench/api/node/extensionHostProcess.js:115:14994
	at file:///usr/lib/code/out/vs/workbench/api/node/extensionHostProcess.js:25:1011
	at Object.dispose (file:///usr/lib/code/out/vs/workbench/api/node/extensionHostProcess.js:8:705)
	at vV.eb (file:///usr/lib/code/out/vs/workbench/api/node/extensionHostProcess.js:115:11921)
	at file:///usr/lib/code/out/vs/workbench/api/node/extensionHostProcess.js:115:9876
	at Array.map (<anonymous>)
	at vV.$ (file:///usr/lib/code/out/vs/workbench/api/node/extensionHostProcess.js:115:9864)
	at vV.terminate (file:///usr/lib/code/out/vs/workbench/api/node/extensionHostProcess.js:115:10107)
	at oD.terminate (file:///usr/lib/code/out/vs/workbench/api/node/extensionHostProcess.js:116:1434)
	at es (file:///usr/lib/code/out/vs/workbench/api/node/extensionHostProcess.js:197:5701)
	at MessagePortMain.<anonymous> (file:///usr/lib/code/out/vs/workbench/api/node/extensionHostProcess.js:197:2249)
	at MessagePortMain.emit (node:events:524:28)
	at MessagePortMain._internalPort.emit (node:electron/js2c/utility_init:2:2949) setContext undefined
2025-04-30 23:12:11.822 [error] Canceled: Canceled
	at new HR (file:///usr/lib/code/out/vs/workbench/api/node/extensionHostProcess.js:29:111362)
	at i4.U (file:///usr/lib/code/out/vs/workbench/api/node/extensionHostProcess.js:29:115973)
	at s.<computed>.n.charCodeAt.s.<computed> (file:///usr/lib/code/out/vs/workbench/api/node/extensionHostProcess.js:29:113467)
	at vw.g (file:///usr/lib/code/out/vs/workbench/api/node/extensionHostProcess.js:111:40983)
	at vw.executeCommand (file:///usr/lib/code/out/vs/workbench/api/node/extensionHostProcess.js:111:40487)
	at r.registerCommand.description (file:///usr/lib/code/out/vs/workbench/api/node/extensionHostProcess.js:111:39817)
	at vw.h (file:///usr/lib/code/out/vs/workbench/api/node/extensionHostProcess.js:111:41503)
	at vw.g (file:///usr/lib/code/out/vs/workbench/api/node/extensionHostProcess.js:111:40580)
	at vw.executeCommand (file:///usr/lib/code/out/vs/workbench/api/node/extensionHostProcess.js:111:40487)
	at Object.executeCommand (file:///usr/lib/code/out/vs/workbench/api/node/extensionHostProcess.js:173:30346)
	at set hasGitHubRepositories (/usr/lib/code/extensions/github/dist/extension.js:2:217805)
	at /usr/lib/code/extensions/github/dist/extension.js:2:218764
	at Ah.value (/usr/lib/code/extensions/git/dist/main.js:2:631688)
	at D.B (file:///usr/lib/code/out/vs/workbench/api/node/extensionHostProcess.js:27:2375)
	at D.C (file:///usr/lib/code/out/vs/workbench/api/node/extensionHostProcess.js:27:2445)
	at D.fire (file:///usr/lib/code/out/vs/workbench/api/node/extensionHostProcess.js:27:2662)
	at Object.g [as dispose] (/usr/lib/code/extensions/git/dist/main.js:2:534449)
	at /usr/lib/code/extensions/git/dist/main.js:2:540767
	at Array.forEach (<anonymous>)
	at b.dispose (/usr/lib/code/extensions/git/dist/main.js:2:540753)
	at iv.<anonymous> (file:///usr/lib/code/out/vs/workbench/api/node/extensionHostProcess.js:107:8922)
	at iv.dispose (file:///usr/lib/code/out/vs/workbench/api/node/extensionHostProcess.js:107:9018)
	at iv.<anonymous> (/usr/lib/code/extensions/git/dist/main.js:2:514293)
	at iv.dispose (file:///usr/lib/code/out/vs/workbench/api/node/extensionHostProcess.js:107:9018)
	at pi (file:///usr/lib/code/out/vs/workbench/api/node/extensionHostProcess.js:25:701)
	at file:///usr/lib/code/out/vs/workbench/api/node/extensionHostProcess.js:115:14994
	at file:///usr/lib/code/out/vs/workbench/api/node/extensionHostProcess.js:25:1011
	at Object.dispose (file:///usr/lib/code/out/vs/workbench/api/node/extensionHostProcess.js:8:705)
	at vV.eb (file:///usr/lib/code/out/vs/workbench/api/node/extensionHostProcess.js:115:11921)
	at file:///usr/lib/code/out/vs/workbench/api/node/extensionHostProcess.js:115:9876
	at Array.map (<anonymous>)
	at vV.$ (file:///usr/lib/code/out/vs/workbench/api/node/extensionHostProcess.js:115:9864)
	at vV.terminate (file:///usr/lib/code/out/vs/workbench/api/node/extensionHostProcess.js:115:10107)
	at oD.terminate (file:///usr/lib/code/out/vs/workbench/api/node/extensionHostProcess.js:116:1434)
	at es (file:///usr/lib/code/out/vs/workbench/api/node/extensionHostProcess.js:197:5701)
	at MessagePortMain.<anonymous> (file:///usr/lib/code/out/vs/workbench/api/node/extensionHostProcess.js:197:2249)
	at MessagePortMain.emit (node:events:524:28)
	at MessagePortMain._internalPort.emit (node:electron/js2c/utility_init:2:2949) setContext undefined
2025-04-30 23:12:11.830 [info] Extension host with pid 1639 exiting with code 0
